Log file open, 04/01/18 15:13:12
LogWindows: Failed to load 'aqProf.dll' (GetLastError=126)
LogWindows: File 'aqProf.dll' does not exist
LogWindows: Failed to load 'VSPerf140.dll' (GetLastError=126)
LogWindows: File 'VSPerf140.dll' does not exist
LogWindows: Failed to load 'VtuneApi.dll' (GetLastError=126)
LogWindows: File 'VtuneApi.dll' does not exist
LogWindows: Failed to load 'VtuneApi32e.dll' (GetLastError=126)
LogWindows: File 'VtuneApi32e.dll' does not exist
LogInit: Display: Running engine for game: LittleLeave_UE
LogPlatformFile: Not using cached read wrapper
LogInit: Display: RandInit(327057332) SRandInit(327057332).
LogInit: Read version file with build ID '3944462'
LogInit: Overriding engine version to CL 3944462, compatible CL 3944462
LogInit: Registered custom module enumerator with build ID '3944462'
LogTaskGraph: Started task graph with 5 named threads and 23 total threads with 3 sets of task threads.
LogStats: Stats thread started at 0.280298
LogD3D11RHI: Aftermath initialized
LogICUInternationalization: Display: ICU TimeZone Detection - Raw Offset: +1:00, Platform Override: ''
LogModuleManager: Display: Found up-to-date module file ../../../Engine/Plugins/2D/Paper2D/Binaries/Win64/UE4Editor-Paper2D.dll (API version 3944462).
LogModuleManager: Display: Found up-to-date module file ../../../Engine/Plugins/2D/Paper2D/Binaries/Win64/UE4Editor-Paper2DEditor.dll (API version 3944462).
LogModuleManager: Display: Found up-to-date module file ../../../Engine/Plugins/2D/Paper2D/Binaries/Win64/UE4Editor-PaperSpriteSheetImporter.dll (API version 3944462).
LogModuleManager: Display: Found up-to-date module file ../../../Engine/Plugins/2D/Paper2D/Binaries/Win64/UE4Editor-PaperTiledImporter.dll (API version 3944462).
LogModuleManager: Display: Found up-to-date module file ../../../Engine/Plugins/2D/Paper2D/Binaries/Win64/UE4Editor-SmartSnapping.dll (API version 3944462).
LogModuleManager: Display: Found up-to-date module file ../../../Engine/Plugins/Blendables/LightPropagationVolume/Binaries/Win64/UE4Editor-LightPropagationVolumeRuntime.dll (API version 3944462).
LogModuleManager: Display: Found up-to-date module file ../../../Engine/Plugins/Blendables/LightPropagationVolume/Binaries/Win64/UE4Editor-LightPropagationVolumeEditor.dll (API version 3944462).
LogModuleManager: Display: Found up-to-date module file ../../../Engine/Plugins/Developer/CLionSourceCodeAccess/Binaries/Win64/UE4Editor-CLionSourceCodeAccess.dll (API version 3944462).
LogModuleManager: Display: Found up-to-date module file ../../../Engine/Plugins/Developer/GitSourceControl/Binaries/Win64/UE4Editor-GitSourceControl.dll (API version 3944462).
LogModuleManager: Display: Found up-to-date module file ../../../Engine/Plugins/Developer/PerforceSourceControl/Binaries/Win64/UE4Editor-PerforceSourceControl.dll (API version 3944462).
LogModuleManager: Display: Found up-to-date module file ../../../Engine/Plugins/Developer/SubversionSourceControl/Binaries/Win64/UE4Editor-SubversionSourceControl.dll (API version 3944462).
LogModuleManager: Display: Found up-to-date module file ../../../Engine/Plugins/Developer/UObjectPlugin/Binaries/Win64/UE4Editor-UObjectPlugin.dll (API version 3944462).
LogModuleManager: Display: Found up-to-date module file ../../../Engine/Plugins/Developer/VisualStudioCodeSourceCodeAccess/Binaries/Win64/UE4Editor-VisualStudioCodeSourceCodeAccess.dll (API version 3944462).
LogModuleManager: Display: Found up-to-date module file ../../../Engine/Plugins/Developer/VisualStudioSourceCodeAccess/Binaries/Win64/UE4Editor-VisualStudioSourceCodeAccess.dll (API version 3944462).
LogModuleManager: Display: Found up-to-date module file ../../../Engine/Plugins/Editor/AssetManagerEditor/Binaries/Win64/UE4Editor-AssetManagerEditor.dll (API version 3944462).
LogModuleManager: Display: Found up-to-date module file ../../../Engine/Plugins/Editor/CryptoKeys/Binaries/Win64/UE4Editor-CryptoKeys.dll (API version 3944462).
LogModuleManager: Display: Found up-to-date module file ../../../Engine/Plugins/Editor/CryptoKeys/Binaries/Win64/UE4Editor-CryptoKeysOpenSSL.dll (API version 3944462).
LogModuleManager: Display: Found up-to-date module file ../../../Engine/Plugins/Editor/DataValidation/Binaries/Win64/UE4Editor-DataValidation.dll (API version 3944462).
LogModuleManager: Display: Found up-to-date module file ../../../Engine/Plugins/Editor/FacialAnimation/Binaries/Win64/UE4Editor-FacialAnimation.dll (API version 3944462).
LogModuleManager: Display: Found up-to-date module file ../../../Engine/Plugins/Editor/FacialAnimation/Binaries/Win64/UE4Editor-FacialAnimationEditor.dll (API version 3944462).
LogModuleManager: Display: Found up-to-date module file ../../../Engine/Plugins/Editor/GameplayTagsEditor/Binaries/Win64/UE4Editor-GameplayTagsEditor.dll (API version 3944462).
LogModuleManager: Display: Found up-to-date module file ../../../Engine/Plugins/Editor/MobileLauncherProfileWizard/Binaries/Win64/UE4Editor-MobileLauncherProfileWizard.dll (API version 3944462).
LogModuleManager: Display: Found up-to-date module file ../../../Engine/Plugins/Editor/PluginBrowser/Binaries/Win64/UE4Editor-PluginBrowser.dll (API version 3944462).
LogModuleManager: Display: Found up-to-date module file ../../../Engine/Plugins/Editor/SpeedTreeImporter/Binaries/Win64/UE4Editor-SpeedTreeImporter.dll (API version 3944462).
LogModuleManager: Display: Found up-to-date module file ../../../Engine/Plugins/Enterprise/DatasmithContent/Binaries/Win64/UE4Editor-DatasmithContent.dll (API version 3944462).
LogModuleManager: Display: Found up-to-date module file ../../../Engine/Plugins/Experimental/AlembicImporter/Binaries/Win64/UE4Editor-AlembicImporter.dll (API version 3944462).
LogModuleManager: Display: Found up-to-date module file ../../../Engine/Plugins/Experimental/AlembicImporter/Binaries/Win64/UE4Editor-AlembicLibrary.dll (API version 3944462).
LogModuleManager: Display: Found up-to-date module file ../../../Engine/Plugins/Experimental/CharacterAI/Binaries/Win64/UE4Editor-CharacterAI.dll (API version 3944462).
LogModuleManager: Display: Found up-to-date module file ../../../Engine/Plugins/Experimental/HTML5Networking/Binaries/Win64/UE4Editor-HTML5Networking.dll (API version 3944462).
LogModuleManager: Display: Found up-to-date module file ../../../Engine/Plugins/Media/AndroidMedia/Binaries/Win64/UE4Editor-AndroidMediaEditor.dll (API version 3944462).
LogModuleManager: Display: Found up-to-date module file ../../../Engine/Plugins/Media/AndroidMedia/Binaries/Win64/UE4Editor-AndroidMediaFactory.dll (API version 3944462).
LogModuleManager: Display: Found up-to-date module file ../../../Engine/Plugins/Media/AvfMedia/Binaries/Win64/UE4Editor-AvfMediaEditor.dll (API version 3944462).
LogModuleManager: Display: Found up-to-date module file ../../../Engine/Plugins/Media/AvfMedia/Binaries/Win64/UE4Editor-AvfMediaFactory.dll (API version 3944462).
LogModuleManager: Display: Found up-to-date module file ../../../Engine/Plugins/Media/AvfMedia/Binaries/Win64/UE4Editor-AvfMediaFactory.dll (API version 3944462).
LogModuleManager: Display: Found up-to-date module file ../../../Engine/Plugins/Media/ImgMedia/Binaries/Win64/UE4Editor-ImgMedia.dll (API version 3944462).
LogModuleManager: Display: Found up-to-date module file ../../../Engine/Plugins/Media/ImgMedia/Binaries/Win64/UE4Editor-ImgMediaEditor.dll (API version 3944462).
LogModuleManager: Display: Found up-to-date module file ../../../Engine/Plugins/Media/ImgMedia/Binaries/Win64/UE4Editor-ImgMediaFactory.dll (API version 3944462).
LogModuleManager: Display: Found up-to-date module file ../../../Engine/Plugins/Media/ImgMedia/Binaries/Win64/UE4Editor-ImgMediaFactory.dll (API version 3944462).
LogModuleManager: Display: Found up-to-date module file ../../../Engine/Plugins/Media/ImgMedia/Binaries/Win64/UE4Editor-OpenExrWrapper.dll (API version 3944462).
LogModuleManager: Display: Found up-to-date module file ../../../Engine/Plugins/Media/LinearTimecode/Binaries/Win64/UE4Editor-LinearTimecode.dll (API version 3944462).
LogModuleManager: Display: Found up-to-date module file ../../../Engine/Plugins/Media/MediaCompositing/Binaries/Win64/UE4Editor-MediaCompositing.dll (API version 3944462).
LogModuleManager: Display: Found up-to-date module file ../../../Engine/Plugins/Media/MediaCompositing/Binaries/Win64/UE4Editor-MediaCompositingEditor.dll (API version 3944462).
LogModuleManager: Display: Found up-to-date module file ../../../Engine/Plugins/Media/MediaPlayerEditor/Binaries/Win64/UE4Editor-MediaPlayerEditor.dll (API version 3944462).
LogModuleManager: Display: Found up-to-date module file ../../../Engine/Plugins/Media/WmfMedia/Binaries/Win64/UE4Editor-WmfMedia.dll (API version 3944462).
LogModuleManager: Display: Found up-to-date module file ../../../Engine/Plugins/Media/WmfMedia/Binaries/Win64/UE4Editor-WmfMediaEditor.dll (API version 3944462).
LogModuleManager: Display: Found up-to-date module file ../../../Engine/Plugins/Media/WmfMedia/Binaries/Win64/UE4Editor-WmfMediaFactory.dll (API version 3944462).
LogModuleManager: Display: Found up-to-date module file ../../../Engine/Plugins/Media/WmfMedia/Binaries/Win64/UE4Editor-WmfMediaFactory.dll (API version 3944462).
LogModuleManager: Display: Found up-to-date module file ../../../Engine/Plugins/Messaging/TcpMessaging/Binaries/Win64/UE4Editor-TcpMessaging.dll (API version 3944462).
LogModuleManager: Display: Found up-to-date module file ../../../Engine/Plugins/Messaging/UdpMessaging/Binaries/Win64/UE4Editor-UdpMessaging.dll (API version 3944462).
LogModuleManager: Display: Found up-to-date module file ../../../Engine/Plugins/MovieScene/ActorSequence/Binaries/Win64/UE4Editor-ActorSequence.dll (API version 3944462).
LogModuleManager: Display: Found up-to-date module file ../../../Engine/Plugins/MovieScene/LevelSequenceEditor/Binaries/Win64/UE4Editor-LevelSequenceEditor.dll (API version 3944462).
LogModuleManager: Display: Found up-to-date module file ../../../Engine/Plugins/MovieScene/MatineeToLevelSequence/Binaries/Win64/UE4Editor-MatineeToLevelSequence.dll (API version 3944462).
LogModuleManager: Display: Found up-to-date module file ../../../Engine/Plugins/NetcodeUnitTest/NetcodeUnitTest/Binaries/Win64/UE4Editor-NetcodeUnitTest.dll (API version 3944462).
LogModuleManager: Display: Found up-to-date module file ../../../Engine/Plugins/NetcodeUnitTest/NUTUnrealEngine4/Binaries/Win64/UE4Editor-NUTUnrealEngine4.dll (API version 3944462).
LogModuleManager: Display: Found up-to-date module file ../../../Engine/Plugins/Online/OnlineSubsystem/Binaries/Win64/UE4Editor-OnlineSubsystem.dll (API version 3944462).
LogModuleManager: Display: Found up-to-date module file ../../../Engine/Plugins/Runtime/AndroidPermission/Binaries/Win64/UE4Editor-AndroidPermission.dll (API version 3944462).
LogModuleManager: Display: Found up-to-date module file ../../../Engine/Plugins/Online/OnlineSubsystemNull/Binaries/Win64/UE4Editor-OnlineSubsystemNull.dll (API version 3944462).
LogModuleManager: Display: Found up-to-date module file ../../../Engine/Plugins/Online/OnlineSubsystemUtils/Binaries/Win64/UE4Editor-OnlineSubsystemUtils.dll (API version 3944462).
LogModuleManager: Display: Found up-to-date module file ../../../Engine/Plugins/Online/OnlineSubsystemUtils/Binaries/Win64/UE4Editor-OnlineBlueprintSupport.dll (API version 3944462).
LogModuleManager: Display: Found up-to-date module file ../../../Engine/Plugins/Runtime/AndroidDeviceProfileSelector/Binaries/Win64/UE4Editor-AndroidDeviceProfileSelector.dll (API version 3944462).
LogModuleManager: Display: Found up-to-date module file ../../../Engine/Plugins/Runtime/AppleARKit/Binaries/Win64/UE4Editor-AppleARKit.dll (API version 3944462).
LogModuleManager: Display: Found up-to-date module file ../../../Engine/Plugins/Runtime/ProceduralMeshComponent/Binaries/Win64/UE4Editor-ProceduralMeshComponent.dll (API version 3944462).
LogModuleManager: Display: Found up-to-date module file ../../../Engine/Plugins/Runtime/ProceduralMeshComponent/Binaries/Win64/UE4Editor-ProceduralMeshComponentEditor.dll (API version 3944462).
LogModuleManager: Display: Found up-to-date module file ../../../Engine/Plugins/Animation/LiveLink/Binaries/Win64/UE4Editor-LiveLink.dll (API version 3944462).
LogModuleManager: Display: Found up-to-date module file ../../../Engine/Plugins/Animation/LiveLink/Binaries/Win64/UE4Editor-LiveLinkEditor.dll (API version 3944462).
LogModuleManager: Display: Found up-to-date module file ../../../Engine/Plugins/Runtime/ArchVisCharacter/Binaries/Win64/UE4Editor-ArchVisCharacter.dll (API version 3944462).
LogModuleManager: Display: Found up-to-date module file ../../../Engine/Plugins/Runtime/AudioCapture/Binaries/Win64/UE4Editor-AudioCapture.dll (API version 3944462).
LogModuleManager: Display: Found up-to-date module file ../../../Engine/Plugins/Runtime/AudioCapture/Binaries/Win64/UE4Editor-AudioCaptureEditor.dll (API version 3944462).
LogModuleManager: Display: Found up-to-date module file ../../../Engine/Plugins/Runtime/CableComponent/Binaries/Win64/UE4Editor-CableComponent.dll (API version 3944462).
LogModuleManager: Display: Found up-to-date module file ../../../Engine/Plugins/Runtime/CustomMeshComponent/Binaries/Win64/UE4Editor-CustomMeshComponent.dll (API version 3944462).
LogModuleManager: Display: Found up-to-date module file ../../../Engine/Plugins/Runtime/ExampleDeviceProfileSelector/Binaries/Win64/UE4Editor-ExampleDeviceProfileSelector.dll (API version 3944462).
LogModuleManager: Display: Found up-to-date module file ../../../Engine/Plugins/Runtime/ImmediatePhysics/Binaries/Win64/UE4Editor-ImmediatePhysics.dll (API version 3944462).
LogModuleManager: Display: Found up-to-date module file ../../../Engine/Plugins/Runtime/ImmediatePhysics/Binaries/Win64/UE4Editor-ImmediatePhysicsEditor.dll (API version 3944462).
LogModuleManager: Display: Found up-to-date module file ../../../Engine/Plugins/Runtime/LocationServicesBPLibrary/Binaries/Win64/UE4Editor-LocationServicesBPLibrary.dll (API version 3944462).
LogModuleManager: Display: Found up-to-date module file ../../../Engine/Plugins/Runtime/MobilePatchingUtils/Binaries/Win64/UE4Editor-MobilePatchingUtils.dll (API version 3944462).
LogModuleManager: Display: Found up-to-date module file ../../../Engine/Plugins/Runtime/Oculus/OculusVR/Binaries/Win64/UE4Editor-OculusHMD.dll (API version 3944462).
LogModuleManager: Display: Found up-to-date module file ../../../Engine/Plugins/Runtime/Oculus/OculusVR/Binaries/Win64/UE4Editor-OculusInput.dll (API version 3944462).
LogModuleManager: Display: Found up-to-date module file ../../../Engine/Plugins/Runtime/Oculus/OculusVR/Binaries/Win64/UE4Editor-OculusEditor.dll (API version 3944462).
LogModuleManager: Display: Found up-to-date module file ../../../Engine/Plugins/Runtime/PhysXVehicles/Binaries/Win64/UE4Editor-PhysXVehicles.dll (API version 3944462).
LogModuleManager: Display: Found up-to-date module file ../../../Engine/Plugins/Runtime/PhysXVehicles/Binaries/Win64/UE4Editor-PhysXVehiclesEditor.dll (API version 3944462).
LogModuleManager: Display: Found up-to-date module file ../../../Engine/Plugins/Runtime/RuntimePhysXCooking/Binaries/Win64/UE4Editor-RuntimePhysXCooking.dll (API version 3944462).
LogModuleManager: Display: Found up-to-date module file ../../../Engine/Plugins/Runtime/Steam/SteamVR/Binaries/Win64/UE4Editor-SteamVR.dll (API version 3944462).
LogModuleManager: Display: Found up-to-date module file ../../../Engine/Plugins/Runtime/Steam/SteamVR/Binaries/Win64/UE4Editor-SteamVRController.dll (API version 3944462).
LogModuleManager: Display: Found up-to-date module file ../../../Engine/Plugins/Runtime/WindowsMoviePlayer/Binaries/Win64/UE4Editor-WindowsMoviePlayer.dll (API version 3944462).
LogPluginManager: Mounting plugin Paper2D
LogPluginManager: Mounting plugin LiveLink
LogPluginManager: Mounting plugin LightPropagationVolume
LogPluginManager: Mounting plugin CLionSourceCodeAccess
LogPluginManager: Mounting plugin CodeLiteSourceCodeAccess
LogPluginManager: Mounting plugin GitSourceControl
LogPluginManager: Mounting plugin KDevelopSourceCodeAccess
LogPluginManager: Mounting plugin NullSourceCodeAccess
LogPluginManager: Mounting plugin PerforceSourceControl
LogPluginManager: Mounting plugin SubversionSourceControl
LogPluginManager: Mounting plugin UObjectPlugin
LogPluginManager: Mounting plugin VisualStudioCodeSourceCodeAccess
LogPluginManager: Mounting plugin VisualStudioSourceCodeAccess
LogPluginManager: Mounting plugin XCodeSourceCodeAccess
LogPluginManager: Mounting plugin AssetManagerEditor
LogPluginManager: Mounting plugin CryptoKeys
LogPluginManager: Mounting plugin DataValidation
LogPluginManager: Mounting plugin FacialAnimation
LogPluginManager: Mounting plugin GameplayTagsEditor
LogPluginManager: Mounting plugin MobileLauncherProfileWizard
LogPluginManager: Mounting plugin PluginBrowser
LogPluginManager: Mounting plugin SpeedTreeImporter
LogPluginManager: Mounting plugin DatasmithContent
LogPluginManager: Mounting plugin AlembicImporter
LogPluginManager: Mounting plugin CharacterAI
LogPluginManager: Mounting plugin HTML5Networking
LogPluginManager: Mounting plugin AndroidMedia
LogPluginManager: Mounting plugin AvfMedia
LogPluginManager: Mounting plugin ImgMedia
LogPluginManager: Mounting plugin LinearTimecode
LogPluginManager: Mounting plugin MediaCompositing
LogPluginManager: Mounting plugin MediaPlayerEditor
LogPluginManager: Mounting plugin WmfMedia
LogPluginManager: Mounting plugin TcpMessaging
LogPluginManager: Mounting plugin UdpMessaging
LogPluginManager: Mounting plugin ActorSequence
LogPluginManager: Mounting plugin LevelSequenceEditor
LogPluginManager: Mounting plugin MatineeToLevelSequence
LogPluginManager: Mounting plugin NetcodeUnitTest
LogPluginManager: Mounting plugin NUTUnrealEngine4
LogPluginManager: Mounting plugin OnlineSubsystemGooglePlay
LogPluginManager: Mounting plugin OnlineSubsystemIOS
LogPluginManager: Mounting plugin OnlineSubsystem
LogPluginManager: Mounting plugin OnlineSubsystemNull
LogPluginManager: Mounting plugin OnlineSubsystemUtils
LogPluginManager: Mounting plugin AndroidDeviceProfileSelector
LogPluginManager: Mounting plugin AndroidMoviePlayer
LogPluginManager: Mounting plugin AndroidPermission
LogPluginManager: Mounting plugin AppleARKit
LogPluginManager: Mounting plugin AppleMoviePlayer
LogPluginManager: Mounting plugin ArchVisCharacter
LogPluginManager: Mounting plugin AudioCapture
LogPluginManager: Mounting plugin CableComponent
LogPluginManager: Mounting plugin CustomMeshComponent
LogPluginManager: Mounting plugin ExampleDeviceProfileSelector
LogPluginManager: Mounting plugin GoogleCloudMessaging
LogPluginManager: Mounting plugin ImmediatePhysics
LogPluginManager: Mounting plugin IOSDeviceProfileSelector
LogPluginManager: Mounting plugin LinuxDeviceProfileSelector
LogPluginManager: Mounting plugin LocationServicesBPLibrary
LogPluginManager: Mounting plugin MobilePatchingUtils
LogPluginManager: Mounting plugin OculusVR
LogPluginManager: Plugin shader directory ../../../Engine/Plugins/Runtime/Oculus/OculusVR/Shaders found
LogPluginManager: Mapping shader source directory ../../../Engine/Plugins/Runtime/Oculus/OculusVR/Shaders to virtual directory /Plugin/OculusVR
LogPluginManager: Mounting plugin PhysXVehicles
LogPluginManager: Mounting plugin ProceduralMeshComponent
LogPluginManager: Mounting plugin RuntimePhysXCooking
LogPluginManager: Mounting plugin SteamVR
LogPluginManager: Mounting plugin WindowsMoviePlayer
LogStreaming: Display: Took  0.720s to configure plugins.
LogInit: Using libcurl 7.47.1
LogInit:  - built for x86_64-pc-win32
LogInit:  - supports SSL with OpenSSL/1.0.2g
LogInit:  - supports HTTP deflate (compression) using libz 1.2.8
LogInit:  - other features:
LogInit:      CURL_VERSION_SSL
LogInit:      CURL_VERSION_LIBZ
LogInit:      CURL_VERSION_IPV6
LogInit:      CURL_VERSION_ASYNCHDNS
LogInit:      CURL_VERSION_LARGEFILE
LogInit:      CURL_VERSION_IDN
LogInit:  CurlRequestOptions (configurable via config and command line):
LogInit:  - bVerifyPeer = false  - Libcurl will NOT verify peer certificate
LogInit:  - bUseHttpProxy = false  - Libcurl will NOT use HTTP proxy
LogInit:  - bDontReuseConnections = false  - Libcurl will reuse connections
LogInit:  - CertBundlePath = nullptr  - Libcurl will use whatever was configured at build time.
LogInit:  - MaxHostConnections = 16  - Libcurl will limit the number of connections to a host
LogInit:  - LocalHostAddr = Default
LogInit: WinSock: version 1.1 (2.2), MaxSocks=32767, MaxUdp=65467
LogInit: WinSock: I am K003-0257 (10.51.0.209:0)
LogInit: Build: ++UE4+Release-4.19-CL-3944462
LogInit: Engine Version: 4.19.0-3944462+++UE4+Release-4.19
LogInit: Compatible Engine Version: 4.19.0-3944462+++UE4+Release-4.19
LogInit: Net CL: 3944462
LogDevObjectVersion: Number of dev versions registered: 18
LogDevObjectVersion:   Dev-Blueprints (B0D832E4-1F89-4F0D-ACCF-7EB736FD4AA2): 10
LogDevObjectVersion:   Dev-Build (E1C64328-A22C-4D53-A36C-8E866417BD8C): 0
LogDevObjectVersion:   Dev-Core (375EC13C-06E4-48FB-B500-84F0262A717E): 2
LogDevObjectVersion:   Dev-Editor (E4B068ED-F494-42E9-A231-DA0B2E46BB41): 23
LogDevObjectVersion:   Dev-Framework (CFFC743F-43B0-4480-9391-14DF171D2073): 33
LogDevObjectVersion:   Dev-Mobile (B02B49B5-BB20-44E9-A304-32B752E40360): 2
LogDevObjectVersion:   Dev-Networking (A4E4105C-59A1-49B5-A7C5-40C4547EDFEE): 0
LogDevObjectVersion:   Dev-Online (39C831C9-5AE6-47DC-9A44-9C173E1C8E7C): 0
LogDevObjectVersion:   Dev-Physics (78F01B33-EBEA-4F98-B9B4-84EACCB95AA2): 0
LogDevObjectVersion:   Dev-Platform (6631380F-2D4D-43E0-8009-CF276956A95A): 0
LogDevObjectVersion:   Dev-Rendering (12F88B9F-8875-4AFC-A67C-D90C383ABD29): 25
LogDevObjectVersion:   Dev-Sequencer (7B5AE74C-D270-4C10-A958-57980B212A5A): 6
LogDevObjectVersion:   Dev-VR (D7296918-1DD6-4BDD-9DE2-64A83CC13884): 1
LogDevObjectVersion:   Dev-LoadTimes (C2A15278-BFE7-4AFE-6C17-90FF531DF755): 1
LogDevObjectVersion:   Private-Geometry (6EACA3D4-40EC-4CC1-B786-8BED09428FC5): 2
LogDevObjectVersion:   Dev-AnimPhys (29E575DD-E0A3-4627-9D10-D276232CDCEA): 16
LogDevObjectVersion:   Dev-ReflectionCapture (6B266CEC-1EC7-4B8F-A30B-E4D90942FC07): 1
LogDevObjectVersion:   Dev-Automation (0DF73D61-A23F-47EA-B727-89E90C41499A): 1
LogInit: Compiled (64-bit): Mar 13 2018 23:12:32
LogInit: Compiled with Visual C++: 19.00.24215.01
LogInit: Build Configuration: Development
LogInit: Branch Name: ++UE4+Release-4.19
LogInit: Command Line: 
LogInit: Base Directory: D:/UE_4.19/Engine/Binaries/Win64/
LogInit: Installed Engine Build: 1
LogStreaming: Display: Took  0.004s to delete old logs.
LogInit: Presizing for max 8388607 objects, including 0 objects not considered by GC, pre-allocating 0 bytes for permanent pool.
LogInit: Object subsystem initialized
[2018.04.01-13.13.13:086][  0]LogInit: Selected Device Profile: [Windows]
[2018.04.01-13.13.13:087][  0]LogInit: Applying CVar settings loaded from the selected device profile: [Windows]
[2018.04.01-13.13.13:103][  0]LogInit: Computer: K003-0257
[2018.04.01-13.13.13:103][  0]LogInit: User: tkurcz
[2018.04.01-13.13.13:103][  0]LogInit: CPU Page size=4096, Cores=4
[2018.04.01-13.13.13:103][  0]LogInit: High frequency timer resolution =3.410069 MHz
[2018.04.01-13.13.13:103][  0]LogMemory: Memory total: Physical=31.9GB (32GB approx)
[2018.04.01-13.13.13:103][  0]LogMemory: Platform Memory Stats for Windows
[2018.04.01-13.13.13:103][  0]LogMemory: Process Physical Memory: 276.60 MB used, 276.60 MB peak
[2018.04.01-13.13.13:103][  0]LogMemory: Process Virtual Memory: 280.83 MB used, 280.83 MB peak
[2018.04.01-13.13.13:103][  0]LogMemory: Physical Memory: 14006.70 MB used,  18677.71 MB free, 32684.41 MB total
[2018.04.01-13.13.13:103][  0]LogMemory: Virtual Memory: 713.54 MB used,  18677.71 MB free, 134217728.00 MB total
[2018.04.01-13.13.13:118][  0]LogInit: Using OS detected language (fr-FR).
[2018.04.01-13.13.13:118][  0]LogInit: Using OS detected locale (fr-FR).
[2018.04.01-13.13.13:121][  0]LogTextLocalizationManager: No localization for 'fr-FR' exists, so 'en' will be used for the language.
[2018.04.01-13.13.13:546][  0]LogStreaming: Display: Took  0.427s to EndInitTextLocalization.
[2018.04.01-13.13.13:546][  0]LogInit: Setting process to per monitor DPI aware
[2018.04.01-13.13.13:580][  0]LogSlate: New Slate User Created.  User Index 0, Is Virtual User: 0
[2018.04.01-13.13.13:580][  0]LogSlate: Slate User Registered.  User Index 0, Is Virtual User: 0
[2018.04.01-13.13.13:769][  0]LogD3D11RHI: D3D11 adapters:
[2018.04.01-13.13.13:828][  0]LogD3D11RHI:    0. 'NVIDIA GeForce GTX 1070' (Feature Level 11_0)
[2018.04.01-13.13.13:828][  0]LogD3D11RHI:       8088/0/16342 MB DedicatedVideo/DedicatedSystem/SharedSystem, Outputs:1, VendorId:0x10de
[2018.04.01-13.13.13:830][  0]LogD3D11RHI:    1. 'Microsoft Basic Render Driver' (Feature Level 11_0)
[2018.04.01-13.13.13:830][  0]LogD3D11RHI:       0/0/16342 MB DedicatedVideo/DedicatedSystem/SharedSystem, Outputs:0, VendorId:0x1414
[2018.04.01-13.13.13:830][  0]LogD3D11RHI: Chosen D3D11 Adapter: 0
[2018.04.01-13.13.13:838][  0]LogD3D11RHI: Creating new Direct3DDevice
[2018.04.01-13.13.13:838][  0]LogD3D11RHI:     GPU DeviceId: 0x1b81 (for the marketing name, search the web for "GPU Device Id")
[2018.04.01-13.13.13:838][  0]LogWindows: EnumDisplayDevices:
[2018.04.01-13.13.13:838][  0]LogWindows:    0. 'NVIDIA GeForce GTX 1070' (P:1 D:1)
[2018.04.01-13.13.13:838][  0]LogWindows:    1. 'NVIDIA GeForce GTX 1070' (P:0 D:0)
[2018.04.01-13.13.13:838][  0]LogWindows:    2. 'NVIDIA GeForce GTX 1070' (P:0 D:0)
[2018.04.01-13.13.13:839][  0]LogWindows:    3. 'NVIDIA GeForce GTX 1070' (P:0 D:0)
[2018.04.01-13.13.13:839][  0]LogWindows: DebugString: GetVideoDriverDetailsInvalid PrimaryIsNotTheChoosenAdapter GetVideoDriverDetailsInvalid PrimaryIsNotTheChoosenAdapter GetVideoDriverDetailsInvalid PrimaryIsNotTheChoosenAdapter GetVideoDriverDetailsInvalid PrimaryIsNotTheChoosenAdapter FoundDriverCount:0 
[2018.04.01-13.13.13:839][  0]LogD3D11RHI:     Adapter Name: NVIDIA GeForce GTX 1070
[2018.04.01-13.13.13:839][  0]LogD3D11RHI:   Driver Version: Unknown (internal:Unknown, unified:Unknown)
[2018.04.01-13.13.13:839][  0]LogD3D11RHI:      Driver Date: Unknown
[2018.04.01-13.13.13:839][  0]LogRHI: Texture pool is 5661 MB (70% of 8088 MB)
[2018.04.01-13.13.13:868][  0]LogD3D11RHI: [Aftermath] Aftermath enabled and primed
[2018.04.01-13.13.13:868][  0]LogD3D11RHI: Async texture creation enabled
[2018.04.01-13.13.13:952][  0]LogD3D11RHI: GPU Timing Frequency: 1000.000000 (Debug: 2 2)
[2018.04.01-13.13.13:994][  0]LogShaderCompilers: Guid format shader working directory is -4 characters bigger than the processId version (C:/Users/t.kurcz/Desktop/LittleLeaves/LittleLeave_UE/Intermediate/Shaders/WorkingDirectory/7600/).
[2018.04.01-13.13.13:994][  0]LogShaderCompilers: Cleaned the shader compiler working directory 'C:/Users/t.kurcz/AppData/Local/Temp/UnrealShaderWorkingDir/18B1A6B34EE1C69290C290868378C524/'.
[2018.04.01-13.13.14:355][  0]LogTemp: Display: Loaded TP AllDesktopTargetPlatform
[2018.04.01-13.13.14:372][  0]LogTemp: Display: Loaded TP MacClientTargetPlatform
[2018.04.01-13.13.14:386][  0]LogTemp: Display: Loaded TP MacNoEditorTargetPlatform
[2018.04.01-13.13.14:401][  0]LogTemp: Display: Loaded TP MacServerTargetPlatform
[2018.04.01-13.13.14:415][  0]LogTemp: Display: Loaded TP MacTargetPlatform
[2018.04.01-13.13.14:427][  0]LogTemp: Display: Loaded TP WindowsClientTargetPlatform
[2018.04.01-13.13.14:441][  0]LogTemp: Display: Loaded TP WindowsNoEditorTargetPlatform
[2018.04.01-13.13.14:455][  0]LogTemp: Display: Loaded TP WindowsServerTargetPlatform
[2018.04.01-13.13.14:462][  0]LogTemp: Display: Loaded TP WindowsTargetPlatform
[2018.04.01-13.13.14:476][  0]LogTemp: Display: Loaded TP Android_ASTCTargetPlatform
[2018.04.01-13.13.14:488][  0]LogTemp: Display: Loaded TP Android_ATCTargetPlatform
[2018.04.01-13.13.14:502][  0]LogTemp: Display: Loaded TP Android_DXTTargetPlatform
[2018.04.01-13.13.14:513][  0]LogTemp: Display: Loaded TP Android_ETC1aTargetPlatform
[2018.04.01-13.13.14:526][  0]LogTemp: Display: Loaded TP Android_ETC1TargetPlatform
[2018.04.01-13.13.14:539][  0]LogTemp: Display: Loaded TP Android_ETC2TargetPlatform
[2018.04.01-13.13.14:565][  0]LogTemp: Display: Loaded TP Android_MultiTargetPlatform
[2018.04.01-13.13.14:565][  0]LogTemp: Display: Loaded TP Android_PVRTCTargetPlatform
[2018.04.01-13.13.14:580][  0]LogTemp: Display: Loaded TP AndroidTargetPlatform
[2018.04.01-13.13.14:581][  0]LogTemp: Display: Loaded TP HTML5TargetPlatform
[2018.04.01-13.13.14:618][  0]LogTemp: Display: Loaded TP IOSTargetPlatform
[2018.04.01-13.13.14:630][  0]LogTemp: Display: Loaded TP TVOSTargetPlatform
[2018.04.01-13.13.14:642][  0]LogTemp: Display: Loaded TP LinuxClientTargetPlatform
[2018.04.01-13.13.14:654][  0]LogTemp: Display: Loaded TP LinuxNoEditorTargetPlatform
[2018.04.01-13.13.14:668][  0]LogTemp: Display: Loaded TP LinuxServerTargetPlatform
[2018.04.01-13.13.14:681][  0]LogTemp: Display: Loaded TP LinuxTargetPlatform
[2018.04.01-13.13.14:681][  0]LogTargetPlatformManager: Display: Building Assets For Windows
[2018.04.01-13.13.14:759][  0]LogXGEController: Cannot use XGE Controller as Incredibuild is not installed on this machine.
[2018.04.01-13.13.14:759][  0]LogShaderCompilers: Cannot use XGE Shader Compiler as Incredibuild is not installed on this machine.
[2018.04.01-13.13.14:759][  0]LogShaderCompilers: Display: Using Local Shader Compiler.
[2018.04.01-13.13.15:574][  0]LogDerivedDataCache: Display: Max Cache Size: 512 MB
[2018.04.01-13.13.15:647][  0]LogDerivedDataCache: Loaded boot cache 0.07s 74MB C:/Users/t.kurcz/AppData/Local/UnrealEngine/4.19/DerivedDataCache/Boot.ddc.
[2018.04.01-13.13.15:647][  0]LogDerivedDataCache: Display: Loaded Boot cache: C:/Users/t.kurcz/AppData/Local/UnrealEngine/4.19/DerivedDataCache/Boot.ddc
[2018.04.01-13.13.15:647][  0]LogDerivedDataCache: FDerivedDataBackendGraph:  Pak pak cache file C:/Users/t.kurcz/Desktop/LittleLeaves/LittleLeave_UE/DerivedDataCache/DDC.ddp not found, will not use a pak cache.
[2018.04.01-13.13.15:647][  0]LogDerivedDataCache: Unable to find inner node Pak for hierarchical cache Hierarchy.
[2018.04.01-13.13.15:647][  0]LogDerivedDataCache: FDerivedDataBackendGraph:  CompressedPak pak cache file C:/Users/t.kurcz/Desktop/LittleLeaves/LittleLeave_UE/DerivedDataCache/Compressed.ddp not found, will not use a pak cache.
[2018.04.01-13.13.15:647][  0]LogDerivedDataCache: Unable to find inner node CompressedPak for hierarchical cache Hierarchy.
[2018.04.01-13.13.15:666][  0]LogDerivedDataCache: Display: Pak cache opened for reading ../../../Engine/DerivedDataCache/Compressed.ddp.
[2018.04.01-13.13.15:678][  0]LogDerivedDataCache: Using Local data cache path C:/Users/t.kurcz/AppData/Local/UnrealEngine/Common/DerivedDataCache: Writable
[2018.04.01-13.13.15:693][  0]LogMaterial: Verifying Global Shaders for PCD3D_SM5
[2018.04.01-13.13.15:694][  0]LogSlate: Using Freetype 2.6.0
[2018.04.01-13.13.15:694][  0]LogSlate: SlateFontCache - WITH_FREETYPE: 1, WITH_HARFBUZZ: 1
[2018.04.01-13.13.15:694][  0]LogSlate: SlateFontCache - WITH_FREETYPE: 1, WITH_HARFBUZZ: 1
[2018.04.01-13.13.15:814][  0]LogAssetRegistry: FAssetRegistry took 0.0261 seconds to start up
[2018.04.01-13.13.16:167][  0]LogInit: Selected Device Profile: [Windows]
[2018.04.01-13.13.16:307][  0]LogSimplygon: Simplygon DLL not present - disabling.
[2018.04.01-13.13.16:310][  0]LogMeshReduction: Using SimplygonSwarm for distributed automatic mesh merging
[2018.04.01-13.13.16:310][  0]LogMeshReduction: Using QuadricMeshReduction for automatic static mesh reduction
[2018.04.01-13.13.16:310][  0]LogMeshReduction: No automatic skeletal mesh reduction module available
[2018.04.01-13.13.16:310][  0]LogMeshReduction: No automatic mesh merging module available
[2018.04.01-13.13.16:310][  0]LogMeshMerging: No automatic mesh merging module available
[2018.04.01-13.13.16:333][  0]LogNetVersion: LittleLeave_UE , NetCL: 3944462, EngineNetVer: 2, GameNetVer: 0 (Checksum: 4075715060)
[2018.04.01-13.13.16:739][  0]LogPackageLocalizationCache: Processed 9 localized package path(s) for 1 prioritized culture(s) in 0.071513 seconds
[2018.04.01-13.13.16:745][  0]LogUObjectArray: 36728 objects as part of root set at end of initial load.
[2018.04.01-13.13.16:745][  0]LogUObjectAllocator: 7314312 out of 0 bytes used by permanent object pool.
[2018.04.01-13.13.16:745][  0]LogUObjectArray: CloseDisregardForGC: 0/0 objects in disregard for GC pool
[2018.04.01-13.13.18:390][  0]LogTcpMessaging: Initializing TcpMessaging bridge
[2018.04.01-13.13.18:415][  0]LogUdpMessaging: Initializing bridge on interface 0.0.0.0:0 to multicast group 230.0.0.1:6666.
[2018.04.01-13.13.19:623][  0]SourceControl: Source control is disabled
[2018.04.01-13.13.19:624][  0]SourceControl: Source control is disabled
[2018.04.01-13.13.19:639][  0]SourceControl: Source control is disabled
[2018.04.01-13.13.19:651][  0]SourceControl: Source control is disabled
[2018.04.01-13.13.20:038][  0]LogAndroidPermission: UAndroidPermissionCallbackProxy::GetInstance
[2018.04.01-13.13.20:146][  0]LogOcInput: OculusInput pre-init called
[2018.04.01-13.13.20:238][  0]LogEngine: Initializing Engine...
[2018.04.01-13.13.20:239][  0]LogHMD: Failed to initialize OpenVR with code 110
[2018.04.01-13.13.20:240][  0]LogStats: UGameplayTagsManager::ConstructGameplayTagTree: Construct from data asset -  0.000 s
[2018.04.01-13.13.20:240][  0]LogStats: UGameplayTagsManager::ConstructGameplayTagTree: GameplayTagTreeChangedEvent.Broadcast -  0.000 s
[2018.04.01-13.13.20:457][  0]LogAIModule: Creating AISystem for world Untitled
[2018.04.01-13.13.20:474][  0]LogInit: XAudio2 using 'Haut-parleurs (Realtek High Definition Audio)' : 2 channels at 48 kHz using 32 bits per sample (channel mask 0x3)
[2018.04.01-13.13.20:487][  0]LogInit: FAudioDevice initialized.
[2018.04.01-13.13.20:565][  0]LogDerivedDataCache: Saved boot cache 0.08s 74MB C:/Users/t.kurcz/AppData/Local/UnrealEngine/4.19/DerivedDataCache/Boot.ddc.
[2018.04.01-13.13.20:575][  0]LogInit: Texture streaming: Enabled
[2018.04.01-13.13.20:587][  0]LogEngineSessionManager: EngineSessionManager initialized
[2018.04.01-13.13.20:600][  0]LogInit: Transaction tracking system initialized
[2018.04.01-13.13.20:616][  0]BlueprintLog: New page: Editor Load
[2018.04.01-13.13.20:668][  0]LocalizationService: Localization service is disabled
[2018.04.01-13.13.20:745][  0]LogConsoleResponse: Display: 
[2018.04.01-13.13.20:870][  0]LogCook: Display: Max memory allowance for cook 16384mb min free memory 0mb
[2018.04.01-13.13.20:870][  0]LogCook: Display: Mobile HDR setting 1
[2018.04.01-13.13.20:870][  0]LogGameplayTags: Display: UGameplayTagsManager::DoneAddingNativeTags. DelegateIsBound: 0
[2018.04.01-13.13.20:870][  0]LogStats: UGameplayTagsManager::ConstructGameplayTagTree: Construct from data asset -  0.000 s
[2018.04.01-13.13.20:870][  0]LogStats: UGameplayTagsManager::ConstructGameplayTagTree: GameplayTagTreeChangedEvent.Broadcast -  0.000 s
[2018.04.01-13.13.21:138][  0]SourceControl: Source control is disabled
[2018.04.01-13.13.21:138][  0]Cmd: MAP LOAD FILE="C:/Users/t.kurcz/Desktop/LittleLeaves/LittleLeave_UE/Content/ThirdPersonBP/Maps/ThirdPersonExampleMap.umap" TEMPLATE=0 SHOWPROGRESS=1 FEATURELEVEL=3
[2018.04.01-13.13.21:138][  0]LightingResults: New page: Lighting Build
[2018.04.01-13.13.21:140][  0]MapCheck: New page: Map Check
[2018.04.01-13.13.21:140][  0]LightingResults: New page: Lighting Build
[2018.04.01-13.13.21:707][  0]LogSkeletalMesh: Skeletal Mesh found in DDC [13.805879ms] /Game/Mannequin/Character/Mesh/SK_Mannequin.SK_Mannequin
[2018.04.01-13.13.21:782][  0]LogMaterial: Missing cached shader map for material M_GrassBlade, compiling. 
[2018.04.01-13.13.22:006][  0]LogShaderCompilers: Display: Shaders left to compile 191
[2018.04.01-13.13.22:006][  0]LogShaderCompilers: Display: Shaders left to compile 181
[2018.04.01-13.13.22:006][  0]LogShaderCompilers: Display: Shaders left to compile 171
[2018.04.01-13.13.22:006][  0]LogShaderCompilers: Display: Shaders left to compile 161
[2018.04.01-13.13.22:006][  0]LogShaderCompilers: Display: Shaders left to compile 151
[2018.04.01-13.13.22:006][  0]LogAIModule: Creating AISystem for world ThirdPersonExampleMap
[2018.04.01-13.13.22:056][  0]LogEditorServer: Finished looking for orphan Actors (0.000 secs)
[2018.04.01-13.13.22:075][  0]Cmd: MAP CHECKDEP NOCLEARLOG
[2018.04.01-13.13.22:125][  0]MapCheck: Map check complete: 0 Error(s), 0 Warning(s), took 50,372ms to complete.
[2018.04.01-13.13.22:125][  0]LogFileHelpers: Loading map 'ThirdPersonExampleMap' took 0.987
[2018.04.01-13.13.22:186][  0]LogWindowsTextInputMethodSystem: Display: IME system now deactivated.
[2018.04.01-13.13.22:267][  0]LogCollectionManager: Loaded 0 collections in 0.001545 seconds
[2018.04.01-13.13.22:307][  0]LogFileCache: Scanning file cache for directory 'C:/Users/t.kurcz/Desktop/LittleLeaves/LittleLeave_UE/Saved/Collections/' took 0.01s
[2018.04.01-13.13.22:307][  0]LogFileCache: Scanning file cache for directory 'C:/Users/t.kurcz/Desktop/LittleLeaves/LittleLeave_UE/Content/Developers/tkurcz/Collections/' took 0.01s
[2018.04.01-13.13.22:307][  0]LogFileCache: Scanning file cache for directory 'C:/Users/t.kurcz/Desktop/LittleLeaves/LittleLeave_UE/Content/Collections/' took 0.01s
[2018.04.01-13.13.22:307][  0]LogCollectionManager: Rebuilt the GUID cache for 0 collections in 0.000000 seconds
[2018.04.01-13.13.22:321][  0]LogContentBrowser: Native class hierarchy populated in 0.0141 seconds. Added 2452 classes and 558 folders.
[2018.04.01-13.13.22:329][  0]LogContentBrowser: Native class hierarchy updated for 'WidgetCarousel' in 0.0003 seconds. Added 0 classes and 0 folders.
[2018.04.01-13.13.22:378][  0]LogContentBrowser: Native class hierarchy updated for 'AddContentDialog' in 0.0003 seconds. Added 0 classes and 0 folders.
[2018.04.01-13.13.22:383][  0]LogContentBrowser: Native class hierarchy updated for 'SceneOutliner' in 0.0003 seconds. Added 1 classes and 2 folders.
[2018.04.01-13.13.23:859][  0]LogSlate: Only BGRA pngs, bmps or icos are supported in by External Image Picker
[2018.04.01-13.13.23:916][  0]LogContentBrowser: Native class hierarchy updated for 'HierarchicalLODOutliner' in 0.0003 seconds. Added 0 classes and 0 folders.
[2018.04.01-13.13.23:917][  0]LogLoad: (Engine Initialization) Total time: 13.04 seconds
[2018.04.01-13.13.23:917][  0]LogLoad: (Engine Initialization) Total Blueprint compile time: 0.00 seconds
[2018.04.01-13.13.23:927][  0]LogSlate: New Slate User Created.  User Index 1, Is Virtual User: 0
[2018.04.01-13.13.23:927][  0]LogSlate: Slate User Registered.  User Index 1, Is Virtual User: 0
[2018.04.01-13.13.23:953][  0]LogTemp: Executing iPhonePackager certificates Engine -bundlename com.YourCompany.LittleLeaveUE
[2018.04.01-13.13.23:954][  0]LogTemp: CWD: D:\UE_4.19\Engine\Binaries\DotNET\IOS
[2018.04.01-13.13.23:954][  0]LogTemp: Initial Dir: D:\UE_4.19
[2018.04.01-13.13.23:954][  0]LogTemp: Env CWD: D:\UE_4.19\Engine\Binaries\DotNET\IOS
[2018.04.01-13.13.23:954][  0]LogTemp: BranchPath = K003-0257/D/UE_4.19/Engine/Binaries --- GameBranchPath = K003-0257/D/UE_4.19/Engine/Binaries
[2018.04.01-13.13.23:954][  0]LogContentStreaming: Texture pool size now 1000 MB
[2018.04.01-13.13.23:955][  0]LogSlate: Took 0.000253 seconds to synchronously load lazily loaded font '../../../Engine/Content/Slate/Fonts/Roboto-Regular.ttf' (155K)
[2018.04.01-13.13.23:958][  0]LogSlate: Took 0.000216 seconds to synchronously load lazily loaded font '../../../Engine/Content/Slate/Fonts/Roboto-Bold.ttf' (160K)
[2018.04.01-13.13.23:965][  0]LogSlate: Took 0.000228 seconds to synchronously load lazily loaded font '../../../Engine/Content/Editor/Slate/Fonts/FontAwesome.ttf' (139K)
[2018.04.01-13.13.24:020][  0]LogTemp: IPP ERROR: Could not find provision directory 'C:\Users\t.kurcz\AppData\Local/Apple Computer/MobileDevice/Provisioning Profiles/'.
[2018.04.01-13.13.24:020][  0]LogRenderer: Reallocating scene render targets to support 64x64 Format 10 NumSamples 1 (Frame:1).
[2018.04.01-13.13.24:133][  0]LogRenderer: Reallocating scene render targets to support 804x340 Format 10 NumSamples 1 (Frame:1).
[2018.04.01-13.13.24:133][  0]LogSlate: Took 0.000345 seconds to synchronously load lazily loaded font '../../../Engine/Content/Slate/Fonts/Roboto-Light.ttf' (167K)
[2018.04.01-13.13.24:256][  2]LogAssetRegistry: Asset discovery search completed in 8.4644 seconds
[2018.04.01-13.13.24:259][  2]LogCollectionManager: Rebuilt the object cache for 0 collections in 0.000001 seconds (found 0 objects)
[2018.04.01-13.13.24:259][  2]LogCollectionManager: Fixed up redirectors for 0 collections in 0.000095 seconds (updated 0 objects)
[2018.04.01-13.13.25:542][101]LogShaderCompilers: Display: Shaders left to compile 141
[2018.04.01-13.13.25:680][117]LogShaderCompilers: Display: Shaders left to compile 131
[2018.04.01-13.13.26:167][174]LogShaderCompilers: Display: Shaders left to compile 121
[2018.04.01-13.13.26:261][185]LogSlate: FSceneViewport::OnFocusLost() reason 0
[2018.04.01-13.13.26:267][186]LogShaderCompilers: Display: Shaders left to compile 111
[2018.04.01-13.13.26:415][197]LogRenderer: Reallocating scene render targets to support 1208x544 Format 10 NumSamples 1 (Frame:187).
[2018.04.01-13.13.28:506][376]LogShaderCompilers: Display: Shaders left to compile 101
[2018.04.01-13.13.29:697][486]LogSlate: FSceneViewport::OnFocusLost() reason 0
[2018.04.01-13.13.29:864][503]LogSlate: Took 0.000272 seconds to synchronously load lazily loaded font '../../../Engine/Content/Slate/Fonts/Roboto-Light.ttf' (167K)
[2018.04.01-13.13.30:050][503]LogShaderCompilers: Display: Shaders left to compile 91
[2018.04.01-13.13.30:050][503]LogMaterial: Missing cached shader map for material M_GrassBlade, compiling. 
[2018.04.01-13.13.30:117][503]LogMaterial: Missing cached shader map for material M_GrassBlade, compiling. 
[2018.04.01-13.13.30:194][503]LogShaderCompilers: Display: Shaders left to compile 272
[2018.04.01-13.13.30:194][503]LogShaderCompilers: Display: Shaders left to compile 262
[2018.04.01-13.13.30:214][503]LogMaterial: Missing cached shader map for material M_Ground, compiling. 
[2018.04.01-13.13.30:237][503]LogMaterial: Missing cached shader map for material M_GrassBlade, compiling. 
[2018.04.01-13.13.30:336][503]LogMaterial: Missing cached shader map for material M_Ground, compiling. 
[2018.04.01-13.13.30:379][503]LogMaterial: Missing cached shader map for material M_GrassBlade, compiling. 
[2018.04.01-13.13.30:450][503]LogAIModule: Creating AISystem for world Victor_Map_TomEdit
[2018.04.01-13.13.30:466][503]LogUObjectGlobals: Warning: Failed to find object 'Object /Game/Victor_Map_TomEdit.Victor_Map'
[2018.04.01-13.13.31:788][642]LogShaderCompilers: Display: Shaders left to compile 916
[2018.04.01-13.13.32:628][734]LogShaderCompilers: Display: Shaders left to compile 906
[2018.04.01-13.13.33:377][816]LogShaderCompilers: Display: Shaders left to compile 896
[2018.04.01-13.13.33:485][828]LogShaderCompilers: Display: Shaders left to compile 886
[2018.04.01-13.13.34:520][937]LogShaderCompilers: Display: Shaders left to compile 876
[2018.04.01-13.13.35:622][ 46]LogShaderCompilers: Display: Shaders left to compile 866
[2018.04.01-13.13.36:705][153]LogShaderCompilers: Display: Shaders left to compile 856
[2018.04.01-13.13.37:442][227]LogShaderCompilers: Display: Shaders left to compile 846
[2018.04.01-13.13.38:500][336]LogShaderCompilers: Display: Shaders left to compile 836
[2018.04.01-13.13.38:792][342]LogTexture: Display: Building textures: T_PineBranch (AutoDXT, 1024X1024)
[2018.04.01-13.13.38:793][342]LogTexture: Display: Building textures: Texture2D_0 (BGRA8, 64X64)
[2018.04.01-13.13.38:793][342]LogTexture: Display: Building textures: Texture2D_1 (BGRA8, 64X64)
[2018.04.01-13.13.38:793][342]LogTexture: Display: Building textures: Texture2D_2 (BGRA8, 64X64)
[2018.04.01-13.13.38:793][342]LogTexture: Display: Building textures: Texture2D_3 (BGRA8, 64X64)
[2018.04.01-13.13.38:803][342]LogMaterial: Missing cached shader map for material M_WaterDrop, compiling. 
[2018.04.01-13.13.38:895][342]LogTexture: Display: Building textures: T_Bark (BGRA8, 1143X1143)
[2018.04.01-13.13.38:895][342]LogStaticMesh: Building static mesh SM_Trunk...
[2018.04.01-13.13.38:903][342]LogStaticMesh: Built static mesh [0.01s] /Game/Geometry/SM_Trunk.SM_Trunk
[2018.04.01-13.13.38:906][342]LogStaticMesh: Building static mesh SM_Platform3...
[2018.04.01-13.13.38:911][342]LogStaticMesh: Built static mesh [0.01s] /Game/Geometry/SM_Platform3.SM_Platform3
[2018.04.01-13.13.38:912][342]LogStaticMesh: Building static mesh SM_Platform2...
[2018.04.01-13.13.38:920][342]LogStaticMesh: Built static mesh [0.01s] /Game/Geometry/SM_Platform2.SM_Platform2
[2018.04.01-13.13.38:921][342]LogStaticMesh: Building static mesh SM_Platform1...
[2018.04.01-13.13.38:927][342]LogStaticMesh: Built static mesh [0.01s] /Game/Geometry/SM_Platform1.SM_Platform1
[2018.04.01-13.13.39:785][342]LogShaderCompilers: Display: Shaders left to compile 957
[2018.04.01-13.13.39:785][342]LogTexture: Display: Building textures: T_Dirt_normal (BC5, 2048X2048)
[2018.04.01-13.13.39:785][342]LogTexture: Display: Building textures: T_Rocks_N (BC5, 2048X2048)
[2018.04.01-13.13.39:785][342]LogTexture: Display: Building textures: T_Rocks_Curvature (G8, 2048X2048)
[2018.04.01-13.13.39:790][342]LogMaterial: Missing cached shader map for material M_PineBranch, compiling. 
[2018.04.01-13.13.39:838][342]LogTexture: Display: Building textures: T_SkyboxRender_Tex (RGBA16F, 2048X2048)
[2018.04.01-13.13.39:838][342]LogStaticMesh: Building static mesh SM_PineTree...
[2018.04.01-13.13.39:879][342]LogStaticMesh: Built static mesh [0.04s] /Game/Geometry/SM_PineTree.SM_PineTree
[2018.04.01-13.13.39:885][342]LogStaticMesh: Building static mesh SM_FernStem...
[2018.04.01-13.13.39:911][342]LogStaticMesh: Built static mesh [0.03s] /Game/Geometry/SM_FernStem.SM_FernStem
[2018.04.01-13.13.39:915][342]LogStaticMesh: Building static mesh BLOCKOUT...
[2018.04.01-13.13.40:176][342]LogTexture: Display: Building textures: T_Dirt_basecolor (AutoDXT, 2048X2048)
[2018.04.01-13.13.40:177][342]LogStaticMesh: Built static mesh [0.26s] /Game/Geometry/BLOCKOUT.BLOCKOUT
[2018.04.01-13.13.40:202][342]LogMaterial: Missing cached shader map for material M_Tree, compiling. 
[2018.04.01-13.13.41:976][342]LogTexture: Display: Building textures: T_Platforms_N (BC5, 2048X2048)
[2018.04.01-13.13.41:977][342]LogTexture: Display: Building textures: T_Platforms_Curvature (G8, 2048X2048)
[2018.04.01-13.13.41:977][342]LogShaderCompilers: Display: Shaders left to compile 1125
[2018.04.01-13.13.41:977][342]LogShaderCompilers: Display: Shaders left to compile 1115
[2018.04.01-13.13.42:092][342]LogShaderCompilers: Display: Shaders left to compile 1105
[2018.04.01-13.13.42:128][342]LogMaterial: Missing cached shader map for material M_Skybox, compiling. 
[2018.04.01-13.13.42:142][342]LogMaterial: Missing cached shader map for material M_GodRay, compiling. 
[2018.04.01-13.13.42:168][342]LogMaterial: Missing cached shader map for material M_Dirt, compiling. 
[2018.04.01-13.13.42:192][342]LogMaterial: Missing cached shader map for material M_Bark, compiling. 
[2018.04.01-13.13.42:208][342]LogMaterial: Missing cached shader map for material GHOST, compiling. 
[2018.04.01-13.13.42:231][342]LogMaterial: Missing cached shader map for material M_Rock, compiling. 
[2018.04.01-13.13.42:272][342]LogStaticMesh: Building static mesh SM_Shroom...
[2018.04.01-13.13.42:280][342]LogStaticMesh: Built static mesh [0.01s] /Game/Geometry/SM_Shroom.SM_Shroom
[2018.04.01-13.13.42:281][342]LogStaticMesh: Building static mesh SM_Rock1...
[2018.04.01-13.13.42:286][342]LogStaticMesh: Built static mesh [0.00s] /Game/Geometry/SM_Rock1.SM_Rock1
[2018.04.01-13.13.42:287][342]LogStaticMesh: Building static mesh SM_Rock2...
[2018.04.01-13.13.42:292][342]LogStaticMesh: Built static mesh [0.00s] /Game/Geometry/SM_Rock2.SM_Rock2
[2018.04.01-13.13.42:294][342]LogStaticMesh: Building static mesh SM_Rock3...
[2018.04.01-13.13.42:298][342]LogStaticMesh: Built static mesh [0.00s] /Game/Geometry/SM_Rock3.SM_Rock3
[2018.04.01-13.13.42:305][342]LogMaterial: Missing cached shader map for material M_Dirt, compiling. 
[2018.04.01-13.13.42:340][342]LogStaticMesh: Building static mesh SM_Moss...
[2018.04.01-13.13.42:357][342]LogStaticMesh: Built static mesh [0.02s] /Game/Geometry/SM_Moss.SM_Moss
[2018.04.01-13.13.42:362][342]LogAIModule: Creating AISystem for world Victor_Map
[2018.04.01-13.13.42:399][342]Cmd: MAP LOAD FILE="C:/Users/t.kurcz/Desktop/LittleLeaves/LittleLeave_UE/Content/Victor_Map.umap" TEMPLATE=0 SHOWPROGRESS=1 FEATURELEVEL=3
[2018.04.01-13.13.42:400][342]LightingResults: New page: Lighting Build
[2018.04.01-13.13.42:401][342]LoadErrors: New page: Loading map: Victor_Map.umap
[2018.04.01-13.13.42:402][342]MapCheck: New page: Map Check
[2018.04.01-13.13.42:402][342]LightingResults: New page: Lighting Build
[2018.04.01-13.13.42:585][342]LogEditorServer: Finished looking for orphan Actors (0.000 secs)
[2018.04.01-13.13.42:679][342]Cmd: MAP CHECKDEP NOCLEARLOG
[2018.04.01-13.13.42:763][342]LogShaderCompilers: Display: Shaders left to compile 1422
[2018.04.01-13.13.42:763][342]MapCheck: Map check complete: 0 Error(s), 0 Warning(s), took 83,872ms to complete.
[2018.04.01-13.13.42:763][342]LogFileHelpers: Loading map 'Victor_Map' took 0.365
[2018.04.01-13.13.43:886][448]LogShaderCompilers: Display: Shaders left to compile 1412
[2018.04.01-13.13.44:723][535]LogShaderCompilers: Display: Shaders left to compile 1402
[2018.04.01-13.13.46:102][687]LogShaderCompilers: Display: Shaders left to compile 1392
[2018.04.01-13.13.46:610][741]LogShaderCompilers: Display: Shaders left to compile 1382
[2018.04.01-13.13.48:011][895]LogShaderCompilers: Display: Shaders left to compile 1372
[2018.04.01-13.13.48:100][905]LogShaderCompilers: Display: Shaders left to compile 1362
[2018.04.01-13.13.48:757][972]LogShaderCompilers: Display: Shaders left to compile 1352
[2018.04.01-13.13.49:780][ 79]LogShaderCompilers: Display: Shaders left to compile 1342
[2018.04.01-13.13.51:103][215]LogShaderCompilers: Display: Shaders left to compile 1332
[2018.04.01-13.13.51:413][250]LogShaderCompilers: Display: Shaders left to compile 1322
[2018.04.01-13.13.51:596][271]LogShaderCompilers: Display: Shaders left to compile 1312
[2018.04.01-13.13.53:129][438]LogShaderCompilers: Display: Shaders left to compile 1302
[2018.04.01-13.13.55:004][647]LogShaderCompilers: Display: Shaders left to compile 1292
[2018.04.01-13.13.55:537][670]LogShaderCompilers: Display: Shaders left to compile 1282
[2018.04.01-13.13.55:537][670]LogShaderCompilers: Display: Shaders left to compile 1272
[2018.04.01-13.13.55:882][671]LogShaderCompilers: Display: Shaders left to compile 1262
[2018.04.01-13.13.57:536][676]LogShaderCompilers: Display: Shaders left to compile 1252
[2018.04.01-13.13.57:871][677]LogShaderCompilers: Display: Shaders left to compile 1242
[2018.04.01-13.13.57:871][677]LogShaderCompilers: Display: Shaders left to compile 1232
[2018.04.01-13.13.57:871][677]LogShaderCompilers: Display: Shaders left to compile 1222
[2018.04.01-13.13.59:538][682]LogShaderCompilers: Display: Shaders left to compile 1212
[2018.04.01-13.14.00:472][736]LogShaderCompilers: Display: Shaders left to compile 1202
[2018.04.01-13.14.01:095][807]LogShaderCompilers: Display: Shaders left to compile 1192
[2018.04.01-13.14.01:262][826]LogShaderCompilers: Display: Shaders left to compile 1182
[2018.04.01-13.14.02:715][843]LogShaderCompilers: Display: Shaders left to compile 1172
[2018.04.01-13.14.03:050][844]LogShaderCompilers: Display: Shaders left to compile 1162
[2018.04.01-13.14.03:715][846]LogShaderCompilers: Display: Shaders left to compile 1152
[2018.04.01-13.14.04:383][848]LogShaderCompilers: Display: Shaders left to compile 1142
[2018.04.01-13.14.05:382][851]LogShaderCompilers: Display: Shaders left to compile 1132
[2018.04.01-13.14.05:382][851]LogShaderCompilers: Display: Shaders left to compile 1122
[2018.04.01-13.14.06:370][853]LogShaderCompilers: Display: Shaders left to compile 1112
[2018.04.01-13.14.06:370][853]LogSlate: FSceneViewport::OnFocusLost() reason 0
[2018.04.01-13.14.07:763][898]LogShaderCompilers: Display: Shaders left to compile 1102
[2018.04.01-13.14.08:437][900]LogShaderCompilers: Display: Shaders left to compile 1092
[2018.04.01-13.14.08:775][901]LogShaderCompilers: Display: Shaders left to compile 1082
[2018.04.01-13.14.08:775][901]LogShaderCompilers: Display: Shaders left to compile 1072
[2018.04.01-13.14.10:100][905]LogShaderCompilers: Display: Shaders left to compile 1062
[2018.04.01-13.14.11:251][908]LogShaderCompilers: Display: Shaders left to compile 1052
[2018.04.01-13.14.11:251][908]LogShaderCompilers: Display: Shaders left to compile 1042
[2018.04.01-13.14.11:251][908]LogShaderCompilers: Display: Shaders left to compile 1032
[2018.04.01-13.14.12:820][913]LogShaderCompilers: Display: Shaders left to compile 1022
[2018.04.01-13.14.13:488][915]LogShaderCompilers: Display: Shaders left to compile 1012
[2018.04.01-13.14.13:488][915]LogShaderCompilers: Display: Shaders left to compile 1002
[2018.04.01-13.14.13:488][915]LogShaderCompilers: Display: Shaders left to compile 992
[2018.04.01-13.14.15:488][921]LogShaderCompilers: Display: Shaders left to compile 982
[2018.04.01-13.14.16:487][924]LogShaderCompilers: Display: Shaders left to compile 972
[2018.04.01-13.14.16:487][924]LogShaderCompilers: Display: Shaders left to compile 962
[2018.04.01-13.14.16:820][925]LogShaderCompilers: Display: Shaders left to compile 952
[2018.04.01-13.14.17:487][927]LogShaderCompilers: Display: Shaders left to compile 942
[2018.04.01-13.14.18:821][931]LogShaderCompilers: Display: Shaders left to compile 932
[2018.04.01-13.14.19:153][932]LogShaderCompilers: Display: Shaders left to compile 922
[2018.04.01-13.14.19:153][932]LogShaderCompilers: Display: Shaders left to compile 912
[2018.04.01-13.14.19:821][934]LogShaderCompilers: Display: Shaders left to compile 902
[2018.04.01-13.14.21:155][938]LogShaderCompilers: Display: Shaders left to compile 892
[2018.04.01-13.14.22:487][942]LogShaderCompilers: Display: Shaders left to compile 882
[2018.04.01-13.14.22:487][942]LogShaderCompilers: Display: Shaders left to compile 872
[2018.04.01-13.14.23:154][944]LogShaderCompilers: Display: Shaders left to compile 862
[2018.04.01-13.14.23:497][945]LogShaderCompilers: Display: Shaders left to compile 852
[2018.04.01-13.14.24:822][949]LogShaderCompilers: Display: Shaders left to compile 842
[2018.04.01-13.14.25:488][951]LogShaderCompilers: Display: Shaders left to compile 832
[2018.04.01-13.14.25:488][951]LogShaderCompilers: Display: Shaders left to compile 822
[2018.04.01-13.14.25:821][952]LogShaderCompilers: Display: Shaders left to compile 812
[2018.04.01-13.14.27:487][957]LogShaderCompilers: Display: Shaders left to compile 802
[2018.04.01-13.14.27:487][957]LogShaderCompilers: Display: Shaders left to compile 792
[2018.04.01-13.14.27:829][958]LogShaderCompilers: Display: Shaders left to compile 782
[2018.04.01-13.14.28:160][959]LogShaderCompilers: Display: Shaders left to compile 772
[2018.04.01-13.14.29:487][963]LogShaderCompilers: Display: Shaders left to compile 762
[2018.04.01-13.14.29:821][964]LogShaderCompilers: Display: Shaders left to compile 752
[2018.04.01-13.14.30:154][965]LogShaderCompilers: Display: Shaders left to compile 742
[2018.04.01-13.14.30:487][966]LogShaderCompilers: Display: Shaders left to compile 732
[2018.04.01-13.14.32:487][972]LogShaderCompilers: Display: Shaders left to compile 722
[2018.04.01-13.14.32:487][972]LogShaderCompilers: Display: Shaders left to compile 712
[2018.04.01-13.14.32:819][973]LogShaderCompilers: Display: Shaders left to compile 702
[2018.04.01-13.14.33:154][974]LogShaderCompilers: Display: Shaders left to compile 692
[2018.04.01-13.14.35:153][980]LogShaderCompilers: Display: Shaders left to compile 682
[2018.04.01-13.14.35:154][980]LogShaderCompilers: Display: Shaders left to compile 672
[2018.04.01-13.14.35:488][981]LogShaderCompilers: Display: Shaders left to compile 662
[2018.04.01-13.14.35:489][981]LogShaderCompilers: Display: Shaders left to compile 652
[2018.04.01-13.14.37:489][987]LogShaderCompilers: Display: Shaders left to compile 642
[2018.04.01-13.14.38:487][990]LogShaderCompilers: Display: Shaders left to compile 632
[2018.04.01-13.14.38:821][991]LogShaderCompilers: Display: Shaders left to compile 622
[2018.04.01-13.14.38:821][991]LogShaderCompilers: Display: Shaders left to compile 612
[2018.04.01-13.14.39:831][994]LogShaderCompilers: Display: Shaders left to compile 602
[2018.04.01-13.14.40:164][995]LogShaderCompilers: Display: Shaders left to compile 592
[2018.04.01-13.14.40:504][996]LogShaderCompilers: Display: Shaders left to compile 582
[2018.04.01-13.14.51:189][104]LogShaderCompilers: Display: Shaders left to compile 572
[2018.04.01-13.14.51:209][106]LogShaderCompilers: Display: Shaders left to compile 562
[2018.04.01-13.14.53:378][342]LogShaderCompilers: Display: Shaders left to compile 552
[2018.04.01-13.14.53:456][351]LogShaderCompilers: Display: Shaders left to compile 542
[2018.04.01-13.14.55:729][580]LogShaderCompilers: Display: Shaders left to compile 532
[2018.04.01-13.14.56:972][709]LogShaderCompilers: Display: Shaders left to compile 522
[2018.04.01-13.14.59:370][963]LogShaderCompilers: Display: Shaders left to compile 512
[2018.04.01-13.15.09:078][923]LogShaderCompilers: Display: Shaders left to compile 502
[2018.04.01-13.15.10:074][926]LogShaderCompilers: Display: Shaders left to compile 492
[2018.04.01-13.15.11:073][929]LogShaderCompilers: Display: Shaders left to compile 482
[2018.04.01-13.15.12:073][932]LogShaderCompilers: Display: Shaders left to compile 472
[2018.04.01-13.15.12:406][933]LogShaderCompilers: Display: Shaders left to compile 462
[2018.04.01-13.15.13:073][935]LogShaderCompilers: Display: Shaders left to compile 452
[2018.04.01-13.15.13:416][936]LogShaderCompilers: Display: Shaders left to compile 442
[2018.04.01-13.15.15:084][941]LogShaderCompilers: Display: Shaders left to compile 432
[2018.04.01-13.15.15:738][943]LogShaderCompilers: Display: Shaders left to compile 422
[2018.04.01-13.15.16:071][944]LogShaderCompilers: Display: Shaders left to compile 412
[2018.04.01-13.15.16:071][944]LogShaderCompilers: Display: Shaders left to compile 402
[2018.04.01-13.15.17:404][948]LogShaderCompilers: Display: Shaders left to compile 392
[2018.04.01-13.15.17:740][949]LogShaderCompilers: Display: Shaders left to compile 382
[2018.04.01-13.15.19:072][953]LogShaderCompilers: Display: Shaders left to compile 372
[2018.04.01-13.15.19:072][953]LogShaderCompilers: Display: Shaders left to compile 362
[2018.04.01-13.15.20:083][956]LogShaderCompilers: Display: Shaders left to compile 352
[2018.04.01-13.15.20:083][956]LogShaderCompilers: Display: Shaders left to compile 342
[2018.04.01-13.15.21:087][959]LogShaderCompilers: Display: Shaders left to compile 332
[2018.04.01-13.15.21:742][961]LogShaderCompilers: Display: Shaders left to compile 322
[2018.04.01-13.15.22:405][963]LogShaderCompilers: Display: Shaders left to compile 312
[2018.04.01-13.15.23:082][965]LogShaderCompilers: Display: Shaders left to compile 302
[2018.04.01-13.15.23:082][965]LogShaderCompilers: Display: Shaders left to compile 292
[2018.04.01-13.15.23:420][966]LogShaderCompilers: Display: Shaders left to compile 282
[2018.04.01-13.15.24:077][968]LogShaderCompilers: Display: Shaders left to compile 272
[2018.04.01-13.15.26:404][975]LogShaderCompilers: Display: Shaders left to compile 262
[2018.04.01-13.15.26:738][976]LogShaderCompilers: Display: Shaders left to compile 252
[2018.04.01-13.15.26:738][976]LogShaderCompilers: Display: Shaders left to compile 242
[2018.04.01-13.15.27:415][978]LogShaderCompilers: Display: Shaders left to compile 232
[2018.04.01-13.15.28:405][981]LogShaderCompilers: Display: Shaders left to compile 222
[2018.04.01-13.15.29:085][983]LogShaderCompilers: Display: Shaders left to compile 212
[2018.04.01-13.15.29:085][983]LogShaderCompilers: Display: Shaders left to compile 202
[2018.04.01-13.15.29:085][983]LogShaderCompilers: Display: Shaders left to compile 192
[2018.04.01-13.15.30:404][987]LogShaderCompilers: Display: Shaders left to compile 182
[2018.04.01-13.15.30:753][988]LogShaderCompilers: Display: Shaders left to compile 172
[2018.04.01-13.15.30:753][988]LogShaderCompilers: Display: Shaders left to compile 162
[2018.04.01-13.15.30:754][988]LogShaderCompilers: Display: Shaders left to compile 152
[2018.04.01-13.15.32:072][992]LogShaderCompilers: Display: Shaders left to compile 142
[2018.04.01-13.15.32:405][993]LogShaderCompilers: Display: Shaders left to compile 132
[2018.04.01-13.15.32:405][993]LogShaderCompilers: Display: Shaders left to compile 122
[2018.04.01-13.15.33:418][996]LogShaderCompilers: Display: Shaders left to compile 112
[2018.04.01-13.15.34:077][998]LogShaderCompilers: Display: Shaders left to compile 102
[2018.04.01-13.15.35:405][  2]LogShaderCompilers: Display: Shaders left to compile 92
[2018.04.01-13.15.35:405][  2]LogShaderCompilers: Display: Shaders left to compile 82
[2018.04.01-13.15.35:739][  3]LogShaderCompilers: Display: Shaders left to compile 72
[2018.04.01-13.15.35:739][  3]LogShaderCompilers: Display: Shaders left to compile 62
[2018.04.01-13.15.37:406][  8]LogShaderCompilers: Display: Shaders left to compile 52
[2018.04.01-13.15.37:739][  9]LogShaderCompilers: Display: Shaders left to compile 42
[2018.04.01-13.15.38:404][ 11]LogShaderCompilers: Display: Shaders left to compile 32
[2018.04.01-13.15.38:747][ 12]LogShaderCompilers: Display: Shaders left to compile 22
[2018.04.01-13.15.40:073][ 16]LogShaderCompilers: Display: Shaders left to compile 12
[2018.04.01-13.15.40:406][ 17]LogShaderCompilers: Display: Shaders left to compile 2
[2018.04.01-13.23.51:013][250]LogSlate: FSceneViewport::OnFocusLost() reason 0
[2018.04.01-13.23.51:696][331]LogEditorViewport: Clicking on Actor (LMB): InstancedFoliageActor (InstancedFoliageActor)
[2018.04.01-13.23.52:190][385]Cmd: CAMERA ALIGN ACTIVEVIEWPORTONLY
[2018.04.01-13.23.54:393][640]Cmd: CAMERA ALIGN ACTIVEVIEWPORTONLY
[2018.04.01-13.23.55:085][714]Cmd: CAMERA ALIGN ACTIVEVIEWPORTONLY
[2018.04.01-13.23.55:299][729]Cmd: CAMERA ALIGN ACTIVEVIEWPORTONLY
[2018.04.01-13.23.56:552][876]Cmd: CAMERA ALIGN ACTIVEVIEWPORTONLY
[2018.04.01-13.23.56:747][893]Cmd: CAMERA ALIGN ACTIVEVIEWPORTONLY
[2018.04.01-13.24.00:379][304]Cmd: CAMERA ALIGN ACTIVEVIEWPORTONLY
[2018.04.01-13.24.00:530][322]Cmd: CAMERA ALIGN ACTIVEVIEWPORTONLY
[2018.04.01-13.24.00:663][338]Cmd: CAMERA ALIGN ACTIVEVIEWPORTONLY
[2018.04.01-13.24.00:793][351]Cmd: CAMERA ALIGN ACTIVEVIEWPORTONLY
[2018.04.01-13.24.01:965][480]Cmd: CAMERA ALIGN ACTIVEVIEWPORTONLY
[2018.04.01-13.24.02:163][498]Cmd: CAMERA ALIGN ACTIVEVIEWPORTONLY
[2018.04.01-13.24.02:540][540]LogSlate: FSceneViewport::OnFocusLost() reason 0
[2018.04.01-13.24.03:189][551]Cmd: CAMERA ALIGN ACTIVEVIEWPORTONLY
[2018.04.01-13.24.03:438][560]Cmd: CAMERA ALIGN ACTIVEVIEWPORTONLY
[2018.04.01-13.24.12:529][494]LogSlate: FSceneViewport::OnFocusLost() reason 0
[2018.04.01-13.24.12:604][503]LogTemp: Repeating last play command: New Editor Window (PIE)
[2018.04.01-13.24.12:632][503]LogBlueprintUserMessages: Early PlayInEditor Detection: Level '/Game/Victor_Map.Victor_Map:PersistentLevel' has LevelScriptBlueprint '/Game/Victor_Map.Victor_Map:PersistentLevel.Victor_Map' with GeneratedClass '/Game/Victor_Map.Victor_Map_C' with ClassGeneratedBy '/Game/Victor_Map.Victor_Map:PersistentLevel.Victor_Map'
[2018.04.01-13.24.12:632][503]LogPlayLevel: PlayLevel: No blueprints needed recompiling
[2018.04.01-13.24.12:633][503]PIE: New page: PIE session: Victor_Map (1 avr. 2018 17:24:12)
[2018.04.01-13.24.12:633][503]LogPlayLevel: Creating play world package: /Game/UEDPIE_0_Victor_Map
[2018.04.01-13.24.12:657][503]LogPlayLevel: PIE: StaticDuplicateObject took: (0.024097s)
[2018.04.01-13.24.12:658][503]LogAIModule: Creating AISystem for world Victor_Map
[2018.04.01-13.24.12:658][503]LogPlayLevel: PIE: World Init took: (0.000915s)
[2018.04.01-13.24.12:658][503]LogPlayLevel: PIE: Created PIE world by copying editor world from /Game/Victor_Map.Victor_Map to /Game/UEDPIE_0_Victor_Map.Victor_Map (0.025239s)
[2018.04.01-13.24.12:674][503]LogInit: XAudio2 using 'Haut-parleurs (Realtek High Definition Audio)' : 2 channels at 48 kHz using 32 bits per sample (channel mask 0x3)
[2018.04.01-13.24.12:685][503]LogInit: FAudioDevice initialized.
[2018.04.01-13.24.12:744][503]LogLoad: Game class is 'ThirdPersonGameMode_C'
[2018.04.01-13.24.12:762][503]LogWorld: Bringing World /Game/UEDPIE_0_Victor_Map.Victor_Map up for play (max tick rate 0) at 2018.04.01-15.24.12
[2018.04.01-13.24.12:763][503]LogWorld: Bringing up level for play took: 0.017818
[2018.04.01-13.24.12:765][503]LogContentBrowser: Native class hierarchy updated for 'MovieSceneCapture' in 0.0003 seconds. Added 11 classes and 0 folders.
[2018.04.01-13.24.12:767][503]LogBlueprintUserMessages: [ThirdPersonCharacter_C_0] Can Interact!
[2018.04.01-13.24.12:767][503]LogBlueprintUserMessages: [ThirdPersonCharacter_C_0] Can Interact!
[2018.04.01-13.24.12:768][503]LogBlueprintUserMessages: [ThirdPersonCharacter_C_0] 1
[2018.04.01-13.24.12:772][503]PIE: Play in editor start time for /Game/UEDPIE_0_Victor_Map -0,045
[2018.04.01-13.24.12:773][503]LogBlueprintUserMessages: Late PlayInEditor Detection: Level '/Game/Victor_Map.Victor_Map:PersistentLevel' has LevelScriptBlueprint '/Game/Victor_Map.Victor_Map:PersistentLevel.Victor_Map' with GeneratedClass '/Game/Victor_Map.Victor_Map_C' with ClassGeneratedBy '/Game/Victor_Map.Victor_Map:PersistentLevel.Victor_Map'
[2018.04.01-13.24.12:828][503]LogRenderer: Reallocating scene render targets to support 1780x1036 Format 10 NumSamples 1 (Frame:1).
[2018.04.01-13.24.21:533][339]LogBlueprintUserMessages: [ThirdPersonCharacter_C_0] Can Interact!
[2018.04.01-13.24.22:028][382]LogBlueprintUserMessages: [ThirdPersonCharacter_C_0] Can't Interact...
[2018.04.01-13.24.22:269][404]LogBlueprintUserMessages: [ThirdPersonCharacter_C_0] Can Interact!
[2018.04.01-13.24.22:269][404]LogBlueprintUserMessages: [ThirdPersonCharacter_C_0] Can't Interact...
[2018.04.01-13.24.22:279][405]LogBlueprintUserMessages: [ThirdPersonCharacter_C_0] Can Interact!
[2018.04.01-13.24.23:024][473]LogBlueprintUserMessages: [ThirdPersonCharacter_C_0] Can't Interact...
[2018.04.01-13.24.23:695][537]LogBlueprintUserMessages: [ThirdPersonCharacter_C_0] Can Interact!
[2018.04.01-13.24.23:695][537]LogBlueprintUserMessages: [ThirdPersonCharacter_C_0] Can't Interact...
[2018.04.01-13.24.23:705][538]LogBlueprintUserMessages: [ThirdPersonCharacter_C_0] Can Interact!
[2018.04.01-13.24.23:993][566]LogBlueprintUserMessages: [ThirdPersonCharacter_C_0] Can't Interact...
[2018.04.01-13.24.38:883][892]LogBlueprintUserMessages: [ThirdPersonCharacter_C_0] Can Interact!
[2018.04.01-13.24.39:161][915]LogBlueprintUserMessages: [ThirdPersonCharacter_C_0] Can't Interact...
[2018.04.01-13.24.39:173][916]LogBlueprintUserMessages: [ThirdPersonCharacter_C_0] Can Interact!
[2018.04.01-13.24.39:233][921]LogBlueprintUserMessages: [ThirdPersonCharacter_C_0] Can't Interact...
[2018.04.01-13.24.39:244][922]LogBlueprintUserMessages: [ThirdPersonCharacter_C_0] Can Interact!
[2018.04.01-13.24.39:280][925]LogBlueprintUserMessages: [ThirdPersonCharacter_C_0] Can't Interact...
[2018.04.01-13.24.39:292][926]LogBlueprintUserMessages: [ThirdPersonCharacter_C_0] Can Interact!
[2018.04.01-13.24.39:380][933]LogBlueprintUserMessages: [ThirdPersonCharacter_C_0] Can't Interact...
[2018.04.01-13.24.42:797][250]LogBlueprintUserMessages: [ThirdPersonCharacter_C_0] Can Interact!
[2018.04.01-13.24.43:706][359]LogBlueprintUserMessages: [ThirdPersonCharacter_C_0] Can't Interact...
[2018.04.01-13.24.44:730][460]LogBlueprintUserMessages: [ThirdPersonCharacter_C_0] Can Interact!
[2018.04.01-13.24.44:834][468]LogBlueprintUserMessages: [ThirdPersonCharacter_C_0] Can't Interact...
[2018.04.01-13.24.47:361][650]LogScript: Warning: Accessed None trying to read property CallFunc_FinishSpawningActor_ReturnValue
	ThirdPersonCharacter_C /Game/UEDPIE_0_Victor_Map.Victor_Map:PersistentLevel.ThirdPersonCharacter_C_0
	Function /Game/ThirdPersonBP/Blueprints/ThirdPersonCharacter.ThirdPersonCharacter_C:ExecuteUbergraph_ThirdPersonCharacter:1EF7
[2018.04.01-13.24.47:361][650]PIE: Error: Blueprint Runtime Error: Accessed None trying to read property CallFunc_FinishSpawningActor_ReturnValue from function: 'ExecuteUbergraph_ThirdPersonCharacter' from node: DestroyActor in graph: Overlap in object: ThirdPersonCharacter with description: Accessed None trying to read property CallFunc_FinishSpawningActor_ReturnValue
[2018.04.01-13.24.58:591][774]LogScript: Warning: Accessed None trying to read property CallFunc_FinishSpawningActor_ReturnValue
	ThirdPersonCharacter_C /Game/UEDPIE_0_Victor_Map.Victor_Map:PersistentLevel.ThirdPersonCharacter_C_0
	Function /Game/ThirdPersonBP/Blueprints/ThirdPersonCharacter.ThirdPersonCharacter_C:ExecuteUbergraph_ThirdPersonCharacter:1EF7
[2018.04.01-13.24.58:591][774]PIE: Error: Blueprint Runtime Error: Accessed None trying to read property CallFunc_FinishSpawningActor_ReturnValue from function: 'ExecuteUbergraph_ThirdPersonCharacter' from node: DestroyActor in graph: Overlap in object: ThirdPersonCharacter with description: Accessed None trying to read property CallFunc_FinishSpawningActor_ReturnValue
[2018.04.01-13.25.09:411][611]LogBlueprintUserMessages: [ThirdPersonCharacter_C_0] Can Interact!
[2018.04.01-13.25.09:729][644]LogBlueprintUserMessages: [ThirdPersonCharacter_C_0] Can't Interact...
[2018.04.01-13.25.10:731][750]LogScript: Warning: Accessed None trying to read property CallFunc_FinishSpawningActor_ReturnValue
	ThirdPersonCharacter_C /Game/UEDPIE_0_Victor_Map.Victor_Map:PersistentLevel.ThirdPersonCharacter_C_0
	Function /Game/ThirdPersonBP/Blueprints/ThirdPersonCharacter.ThirdPersonCharacter_C:ExecuteUbergraph_ThirdPersonCharacter:1EF7
[2018.04.01-13.25.10:731][750]PIE: Error: Blueprint Runtime Error: Accessed None trying to read property CallFunc_FinishSpawningActor_ReturnValue from function: 'ExecuteUbergraph_ThirdPersonCharacter' from node: DestroyActor in graph: Overlap in object: ThirdPersonCharacter with description: Accessed None trying to read property CallFunc_FinishSpawningActor_ReturnValue
[2018.04.01-13.25.28:448][426]LogBlueprintUserMessages: [ThirdPersonCharacter_C_0] Can Interact!
[2018.04.01-13.25.28:683][446]LogBlueprintUserMessages: [ThirdPersonCharacter_C_0] Can't Interact...
[2018.04.01-13.25.36:672][228]LogBlueprintUserMessages: Early EndPlayMap Detection: Level '/Game/Victor_Map.Victor_Map:PersistentLevel' has LevelScriptBlueprint '/Game/Victor_Map.Victor_Map:PersistentLevel.Victor_Map' with GeneratedClass '/Game/Victor_Map.Victor_Map_C' with ClassGeneratedBy '/Game/Victor_Map.Victor_Map:PersistentLevel.Victor_Map'
[2018.04.01-13.25.36:696][228]LogSlate: Window 'LittleLeave_UE Game Preview Standalone (64-bit/PCD3D_SM5)' being destroyed
[2018.04.01-13.25.36:736][228]LogBlueprintUserMessages: Late EndPlayMap Detection: Level '/Game/Victor_Map.Victor_Map:PersistentLevel' has LevelScriptBlueprint '/Game/Victor_Map.Victor_Map:PersistentLevel.Victor_Map' with GeneratedClass '/Game/Victor_Map.Victor_Map_C' with ClassGeneratedBy '/Game/Victor_Map.Victor_Map:PersistentLevel.Victor_Map'
[2018.04.01-13.26.30:451][438]LogEditorViewport: Clicking on Actor (LMB): BP_WaterDrop_C (BP_WaterDrop)
[2018.04.01-13.26.45:912][163]Cmd: TRANSACTION UNDO
[2018.04.01-13.26.45:912][163]LogEditorTransaction: Undo Scale Actors
[2018.04.01-13.27.44:926][100]LogSlate: FSceneViewport::OnFocusLost() reason 0
[2018.04.01-13.27.52:693][601]LogSlate: FSceneViewport::OnFocusLost() reason 0
[2018.04.01-13.27.52:797][613]LogTemp: Repeating last play command: New Editor Window (PIE)
[2018.04.01-13.27.52:828][613]LogBlueprintUserMessages: Early PlayInEditor Detection: Level '/Game/Victor_Map.Victor_Map:PersistentLevel' has LevelScriptBlueprint '/Game/Victor_Map.Victor_Map:PersistentLevel.Victor_Map' with GeneratedClass '/Game/Victor_Map.Victor_Map_C' with ClassGeneratedBy '/Game/Victor_Map.Victor_Map:PersistentLevel.Victor_Map'
[2018.04.01-13.27.52:828][613]LogPlayLevel: PlayLevel: No blueprints needed recompiling
[2018.04.01-13.27.52:828][613]PIE: New page: PIE session: Victor_Map (1 avr. 2018 17:27:52)
[2018.04.01-13.27.52:828][613]LogPlayLevel: Creating play world package: /Game/UEDPIE_0_Victor_Map
[2018.04.01-13.27.52:843][613]LogPlayLevel: PIE: StaticDuplicateObject took: (0.014198s)
[2018.04.01-13.27.52:843][613]LogAIModule: Creating AISystem for world Victor_Map
[2018.04.01-13.27.52:844][613]LogPlayLevel: PIE: World Init took: (0.000810s)
[2018.04.01-13.27.52:844][613]LogPlayLevel: PIE: Created PIE world by copying editor world from /Game/Victor_Map.Victor_Map to /Game/UEDPIE_0_Victor_Map.Victor_Map (0.015172s)
[2018.04.01-13.27.52:860][613]LogInit: XAudio2 using 'Haut-parleurs (Realtek High Definition Audio)' : 2 channels at 48 kHz using 32 bits per sample (channel mask 0x3)
[2018.04.01-13.27.52:873][613]LogInit: FAudioDevice initialized.
[2018.04.01-13.27.52:914][613]LogLoad: Game class is 'ThirdPersonGameMode_C'
[2018.04.01-13.27.52:933][613]LogWorld: Bringing World /Game/UEDPIE_0_Victor_Map.Victor_Map up for play (max tick rate 0) at 2018.04.01-15.27.52
[2018.04.01-13.27.52:934][613]LogWorld: Bringing up level for play took: 0.019823
[2018.04.01-13.27.52:936][613]LogBlueprintUserMessages: [ThirdPersonCharacter_C_0] Can Interact!
[2018.04.01-13.27.52:936][613]LogBlueprintUserMessages: [ThirdPersonCharacter_C_0] Can Interact!
[2018.04.01-13.27.52:937][613]LogBlueprintUserMessages: [ThirdPersonCharacter_C_0] 1
[2018.04.01-13.27.52:943][613]PIE: Play in editor start time for /Game/UEDPIE_0_Victor_Map 0,145
[2018.04.01-13.27.52:943][613]LogBlueprintUserMessages: Late PlayInEditor Detection: Level '/Game/Victor_Map.Victor_Map:PersistentLevel' has LevelScriptBlueprint '/Game/Victor_Map.Victor_Map:PersistentLevel.Victor_Map' with GeneratedClass '/Game/Victor_Map.Victor_Map_C' with ClassGeneratedBy '/Game/Victor_Map.Victor_Map:PersistentLevel.Victor_Map'
[2018.04.01-13.27.55:065][802]LogScript: Warning: Accessed None trying to read property CallFunc_FinishSpawningActor_ReturnValue
	ThirdPersonCharacter_C /Game/UEDPIE_0_Victor_Map.Victor_Map:PersistentLevel.ThirdPersonCharacter_C_0
	Function /Game/ThirdPersonBP/Blueprints/ThirdPersonCharacter.ThirdPersonCharacter_C:ExecuteUbergraph_ThirdPersonCharacter:1EF7
[2018.04.01-13.27.55:066][802]PIE: Error: Blueprint Runtime Error: Accessed None trying to read property CallFunc_FinishSpawningActor_ReturnValue from function: 'ExecuteUbergraph_ThirdPersonCharacter' from node: DestroyActor in graph: Overlap in object: ThirdPersonCharacter with description: Accessed None trying to read property CallFunc_FinishSpawningActor_ReturnValue
[2018.04.01-13.27.59:777][244]LogBlueprintUserMessages: Early EndPlayMap Detection: Level '/Game/Victor_Map.Victor_Map:PersistentLevel' has LevelScriptBlueprint '/Game/Victor_Map.Victor_Map:PersistentLevel.Victor_Map' with GeneratedClass '/Game/Victor_Map.Victor_Map_C' with ClassGeneratedBy '/Game/Victor_Map.Victor_Map:PersistentLevel.Victor_Map'
[2018.04.01-13.27.59:803][244]LogSlate: Window 'LittleLeave_UE Game Preview Standalone (64-bit/PCD3D_SM5)' being destroyed
[2018.04.01-13.27.59:840][244]LogBlueprintUserMessages: Late EndPlayMap Detection: Level '/Game/Victor_Map.Victor_Map:PersistentLevel' has LevelScriptBlueprint '/Game/Victor_Map.Victor_Map:PersistentLevel.Victor_Map' with GeneratedClass '/Game/Victor_Map.Victor_Map_C' with ClassGeneratedBy '/Game/Victor_Map.Victor_Map:PersistentLevel.Victor_Map'
[2018.04.01-13.28.42:877][277]LogTemp: Repeating last play command: New Editor Window (PIE)
[2018.04.01-13.28.42:904][277]LogBlueprintUserMessages: Early PlayInEditor Detection: Level '/Game/Victor_Map.Victor_Map:PersistentLevel' has LevelScriptBlueprint '/Game/Victor_Map.Victor_Map:PersistentLevel.Victor_Map' with GeneratedClass '/Game/Victor_Map.Victor_Map_C' with ClassGeneratedBy '/Game/Victor_Map.Victor_Map:PersistentLevel.Victor_Map'
[2018.04.01-13.28.42:904][277]LogPlayLevel: PlayLevel: No blueprints needed recompiling
[2018.04.01-13.28.42:904][277]PIE: New page: PIE session: Victor_Map (1 avr. 2018 17:28:42)
[2018.04.01-13.28.42:904][277]LogPlayLevel: Creating play world package: /Game/UEDPIE_0_Victor_Map
[2018.04.01-13.28.42:917][277]LogPlayLevel: PIE: StaticDuplicateObject took: (0.012307s)
[2018.04.01-13.28.42:917][277]LogAIModule: Creating AISystem for world Victor_Map
[2018.04.01-13.28.42:917][277]LogPlayLevel: PIE: World Init took: (0.000609s)
[2018.04.01-13.28.42:917][277]LogPlayLevel: PIE: Created PIE world by copying editor world from /Game/Victor_Map.Victor_Map to /Game/UEDPIE_0_Victor_Map.Victor_Map (0.013059s)
[2018.04.01-13.28.42:929][277]LogInit: XAudio2 using 'Haut-parleurs (Realtek High Definition Audio)' : 2 channels at 48 kHz using 32 bits per sample (channel mask 0x3)
[2018.04.01-13.28.42:938][277]LogInit: FAudioDevice initialized.
[2018.04.01-13.28.42:980][277]LogLoad: Game class is 'ThirdPersonGameMode_C'
[2018.04.01-13.28.42:994][277]LogWorld: Bringing World /Game/UEDPIE_0_Victor_Map.Victor_Map up for play (max tick rate 0) at 2018.04.01-15.28.42
[2018.04.01-13.28.42:995][277]LogWorld: Bringing up level for play took: 0.014823
[2018.04.01-13.28.42:996][277]LogBlueprintUserMessages: [ThirdPersonCharacter_C_0] Can Interact!
[2018.04.01-13.28.42:996][277]LogBlueprintUserMessages: [ThirdPersonCharacter_C_0] Can Interact!
[2018.04.01-13.28.42:997][277]LogBlueprintUserMessages: [ThirdPersonCharacter_C_0] 1
[2018.04.01-13.28.43:001][277]PIE: Play in editor start time for /Game/UEDPIE_0_Victor_Map 0,207
[2018.04.01-13.28.43:001][277]LogBlueprintUserMessages: Late PlayInEditor Detection: Level '/Game/Victor_Map.Victor_Map:PersistentLevel' has LevelScriptBlueprint '/Game/Victor_Map.Victor_Map:PersistentLevel.Victor_Map' with GeneratedClass '/Game/Victor_Map.Victor_Map_C' with ClassGeneratedBy '/Game/Victor_Map.Victor_Map:PersistentLevel.Victor_Map'
[2018.04.01-13.28.46:003][554]LogBlueprintUserMessages: Early EndPlayMap Detection: Level '/Game/Victor_Map.Victor_Map:PersistentLevel' has LevelScriptBlueprint '/Game/Victor_Map.Victor_Map:PersistentLevel.Victor_Map' with GeneratedClass '/Game/Victor_Map.Victor_Map_C' with ClassGeneratedBy '/Game/Victor_Map.Victor_Map:PersistentLevel.Victor_Map'
[2018.04.01-13.28.46:032][554]LogSlate: Window 'LittleLeave_UE Game Preview Standalone (64-bit/PCD3D_SM5)' being destroyed
[2018.04.01-13.28.46:072][554]LogBlueprintUserMessages: Late EndPlayMap Detection: Level '/Game/Victor_Map.Victor_Map:PersistentLevel' has LevelScriptBlueprint '/Game/Victor_Map.Victor_Map:PersistentLevel.Victor_Map' with GeneratedClass '/Game/Victor_Map.Victor_Map_C' with ClassGeneratedBy '/Game/Victor_Map.Victor_Map:PersistentLevel.Victor_Map'
[2018.04.01-13.29.14:916][788]LogContentBrowser: Native class hierarchy updated for 'BlueprintGraph' in 0.0007 seconds. Added 116 classes and 0 folders.
[2018.04.01-13.29.15:574][788]LogSlate: Took 0.000196 seconds to synchronously load lazily loaded font '../../../Engine/Content/Slate/Fonts/Roboto-BoldCondensed.ttf' (158K)
[2018.04.01-13.29.30:207][974]LogWindows: Windows GetLastError: L’opération a réussi. (0)
[2018.04.01-13.29.31:498][974]LogWindows: Error: === Critical error: ===
[2018.04.01-13.29.31:498][974]LogWindows: Error: 
[2018.04.01-13.29.31:498][974]LogWindows: Error: Fatal error: [File:D:\Build\++UE4+Release-4.19+Compile\Sync\Engine\Source\Runtime\CoreUObject\Private\UObject\Obj.cpp] [Line: 198] 
[2018.04.01-13.29.31:498][974]LogWindows: Error: Renaming an object (Package /Game/Victor_Map_BuiltData) on top of an existing object (Package /Game/Victor_Map_TomEdit_BuiltData) is not allowed
[2018.04.01-13.29.31:499][974]LogWindows: Error: 
[2018.04.01-13.29.31:499][974]LogWindows: Error: 
[2018.04.01-13.29.31:499][974]LogWindows: Error: [Callstack] 0x0000000028143FB8 KERNELBASE.dll!UnknownFunction []
[2018.04.01-13.29.31:499][974]LogWindows: Error: [Callstack] 0x00000000E2107884 UE4Editor-ApplicationCore.dll!UnknownFunction []
[2018.04.01-13.29.31:499][974]LogWindows: Error: [Callstack] 0x00000000D41F6D9B UE4Editor-Core.dll!UnknownFunction []
[2018.04.01-13.29.31:499][974]LogWindows: Error: [Callstack] 0x00000000D4131939 UE4Editor-Core.dll!UnknownFunction []
[2018.04.01-13.29.31:499][974]LogWindows: Error: [Callstack] 0x00000000BE471849 UE4Editor-CoreUObject.dll!UnknownFunction []
[2018.04.01-13.29.31:499][974]LogWindows: Error: [Callstack] 0x00000000A72457A0 UE4Editor-Engine.dll!UnknownFunction []
[2018.04.01-13.29.31:499][974]LogWindows: Error: [Callstack] 0x00000000A723ED4A UE4Editor-Engine.dll!UnknownFunction []
[2018.04.01-13.29.31:499][974]LogWindows: Error: [Callstack] 0x00000000BE43FE4D UE4Editor-CoreUObject.dll!UnknownFunction []
[2018.04.01-13.29.31:499][974]LogWindows: Error: [Callstack] 0x00000000BE467368 UE4Editor-CoreUObject.dll!UnknownFunction []
[2018.04.01-13.29.31:499][974]LogWindows: Error: [Callstack] 0x00000000BE43FDBC UE4Editor-CoreUObject.dll!UnknownFunction []
[2018.04.01-13.29.31:499][974]LogWindows: Error: [Callstack] 0x00000000BE467368 UE4Editor-CoreUObject.dll!UnknownFunction []
[2018.04.01-13.29.31:499][974]LogWindows: Error: [Callstack] 0x00000000A5FBABE1 UE4Editor-Engine.dll!UnknownFunction []
[2018.04.01-13.29.31:499][974]LogWindows: Error: [Callstack] 0x00000000BE43FDBC UE4Editor-CoreUObject.dll!UnknownFunction []
[2018.04.01-13.29.31:499][974]LogWindows: Error: [Callstack] 0x00000000BE467368 UE4Editor-CoreUObject.dll!UnknownFunction []
[2018.04.01-13.29.31:499][974]LogWindows: Error: [Callstack] 0x00000000BE43FDBC UE4Editor-CoreUObject.dll!UnknownFunction []
[2018.04.01-13.29.31:499][974]LogWindows: Error: [Callstack] 0x00000000BE50ABAC UE4Editor-CoreUObject.dll!UnknownFunction []
[2018.04.01-13.29.31:499][974]LogWindows: Error: [Callstack] 0x00000000BE522D3B UE4Editor-CoreUObject.dll!UnknownFunction []
[2018.04.01-13.29.31:499][974]LogWindows: Error: [Callstack] 0x00000000BE522154 UE4Editor-CoreUObject.dll!UnknownFunction []
[2018.04.01-13.29.31:499][974]LogWindows: Error: [Callstack] 0x00000000BE539673 UE4Editor-CoreUObject.dll!UnknownFunction []
[2018.04.01-13.29.31:499][974]LogWindows: Error: [Callstack] 0x00000000BE543FCF UE4Editor-CoreUObject.dll!UnknownFunction []
[2018.04.01-13.29.31:499][974]LogWindows: Error: [Callstack] 0x00000000BE5436F3 UE4Editor-CoreUObject.dll!UnknownFunction []
[2018.04.01-13.29.31:499][974]LogWindows: Error: [Callstack] 0x00000000966F3FB7 UE4Editor-ContentBrowser.dll!UnknownFunction []
[2018.04.01-13.29.31:499][974]LogWindows: Error: [Callstack] 0x0000000096825C6F UE4Editor-ContentBrowser.dll!UnknownFunction []
[2018.04.01-13.29.31:499][974]LogWindows: Error: [Callstack] 0x00000000967E8047 UE4Editor-ContentBrowser.dll!UnknownFunction []
[2018.04.01-13.29.31:499][974]LogWindows: Error: [Callstack] 0x00000000967F00E7 UE4Editor-ContentBrowser.dll!UnknownFunction []
[2018.04.01-13.29.31:499][974]LogWindows: Error: [Callstack] 0x0000000096830881 UE4Editor-ContentBrowser.dll!UnknownFunction []
[2018.04.01-13.29.31:499][974]LogWindows: Error: [Callstack] 0x00000000967E64F1 UE4Editor-ContentBrowser.dll!UnknownFunction []
[2018.04.01-13.29.31:499][974]LogWindows: Error: [Callstack] 0x00000000967EEE4F UE4Editor-ContentBrowser.dll!UnknownFunction []
[2018.04.01-13.29.31:499][974]LogWindows: Error: [Callstack] 0x00000000967ECAB8 UE4Editor-ContentBrowser.dll!UnknownFunction []
[2018.04.01-13.29.31:499][974]LogWindows: Error: [Callstack] 0x000000009683D760 UE4Editor-ContentBrowser.dll!UnknownFunction []
[2018.04.01-13.29.31:499][974]LogWindows: Error: [Callstack] 0x0000000096830AEA UE4Editor-ContentBrowser.dll!UnknownFunction []
[2018.04.01-13.29.31:499][974]LogWindows: Error: [Callstack] 0x00000000BDC964EE UE4Editor-Slate.dll!UnknownFunction []
[2018.04.01-13.29.31:499][974]LogWindows: Error: [Callstack] 0x00000000BDC679DE UE4Editor-Slate.dll!UnknownFunction []
[2018.04.01-13.29.31:499][974]LogWindows: Error: [Callstack] 0x00000000BDCFD8A4 UE4Editor-Slate.dll!UnknownFunction []
[2018.04.01-13.29.31:499][974]LogWindows: Error: [Callstack] 0x00000000BDCE7066 UE4Editor-Slate.dll!UnknownFunction []
[2018.04.01-13.29.31:499][974]LogWindows: Error: [Callstack] 0x00000000BDCDA993 UE4Editor-Slate.dll!UnknownFunction []
[2018.04.01-13.29.31:499][974]LogWindows: Error: [Callstack] 0x00000000E20FE649 UE4Editor-ApplicationCore.dll!UnknownFunction []
[2018.04.01-13.29.31:499][974]LogWindows: Error: [Callstack] 0x00000000E20F1B78 UE4Editor-ApplicationCore.dll!UnknownFunction []
[2018.04.01-13.29.31:499][974]LogWindows: Error: [Callstack] 0x00000000E210052C UE4Editor-ApplicationCore.dll!UnknownFunction []
[2018.04.01-13.29.31:499][974]LogWindows: Error: [Callstack] 0x00000000E20ED679 UE4Editor-ApplicationCore.dll!UnknownFunction []
[2018.04.01-13.29.31:499][974]LogWindows: Error: [Callstack] 0x000000002B3EB85D USER32.dll!UnknownFunction []
[2018.04.01-13.29.31:499][974]LogWindows: Error: [Callstack] 0x000000002B3EB1EF USER32.dll!UnknownFunction []
[2018.04.01-13.29.31:499][974]LogWindows: Error: [Callstack] 0x00000000E2101666 UE4Editor-ApplicationCore.dll!UnknownFunction []
[2018.04.01-13.29.31:499][974]LogWindows: Error: [Callstack] 0x00000000E5755475 UE4Editor.exe!UnknownFunction []
[2018.04.01-13.29.31:500][974]LogWindows: Error: [Callstack] 0x00000000E5766BD0 UE4Editor.exe!UnknownFunction []
[2018.04.01-13.29.31:500][974]LogWindows: Error: [Callstack] 0x00000000E5766C4A UE4Editor.exe!UnknownFunction []
[2018.04.01-13.29.31:500][974]LogWindows: Error: [Callstack] 0x00000000E5774149 UE4Editor.exe!UnknownFunction []
[2018.04.01-13.29.31:500][974]LogWindows: Error: [Callstack] 0x00000000E5775B57 UE4Editor.exe!UnknownFunction []
[2018.04.01-13.29.31:500][974]LogWindows: Error: [Callstack] 0x000000002B581FE4 KERNEL32.DLL!UnknownFunction []
[2018.04.01-13.29.31:500][974]LogWindows: Error: [Callstack] 0x000000002B93EF91 ntdll.dll!UnknownFunction []
[2018.04.01-13.29.31:500][974]LogWindows: Error: [Callstack] 0x000000002B93EF91 ntdll.dll!UnknownFunction []
[2018.04.01-13.29.31:500][974]LogWindows: Error: 
[2018.04.01-13.29.31:515][974]LogExit: Executing StaticShutdownAfterError
[2018.04.01-13.29.31:528][974]LogWindows: FPlatformMisc::RequestExit(1)
[2018.04.01-13.29.31:528][974]Log file closed, 04/01/18 15:29:31
