Log file open, 04/01/18 15:37:43
LogWindows: Failed to load 'aqProf.dll' (GetLastError=126)
LogWindows: File 'aqProf.dll' does not exist
LogWindows: Failed to load 'VSPerf140.dll' (GetLastError=126)
LogWindows: File 'VSPerf140.dll' does not exist
LogWindows: Failed to load 'VtuneApi.dll' (GetLastError=126)
LogWindows: File 'VtuneApi.dll' does not exist
LogWindows: Failed to load 'VtuneApi32e.dll' (GetLastError=126)
LogWindows: File 'VtuneApi32e.dll' does not exist
LogInit: Display: Running engine for game: LittleLeave_UE
LogPlatformFile: Not using cached read wrapper
LogInit: Display: RandInit(1051057654) SRandInit(1051057654).
LogInit: Read version file with build ID '3944462'
LogInit: Overriding engine version to CL 3944462, compatible CL 3944462
LogInit: Registered custom module enumerator with build ID '3944462'
LogTaskGraph: Started task graph with 5 named threads and 23 total threads with 3 sets of task threads.
LogStats: Stats thread started at 0.260921
LogD3D11RHI: Aftermath initialized
LogICUInternationalization: Display: ICU TimeZone Detection - Raw Offset: +1:00, Platform Override: ''
LogModuleManager: Display: Found up-to-date module file ../../../Engine/Plugins/2D/Paper2D/Binaries/Win64/UE4Editor-Paper2D.dll (API version 3944462).
LogModuleManager: Display: Found up-to-date module file ../../../Engine/Plugins/2D/Paper2D/Binaries/Win64/UE4Editor-Paper2DEditor.dll (API version 3944462).
LogModuleManager: Display: Found up-to-date module file ../../../Engine/Plugins/2D/Paper2D/Binaries/Win64/UE4Editor-PaperSpriteSheetImporter.dll (API version 3944462).
LogModuleManager: Display: Found up-to-date module file ../../../Engine/Plugins/2D/Paper2D/Binaries/Win64/UE4Editor-PaperTiledImporter.dll (API version 3944462).
LogModuleManager: Display: Found up-to-date module file ../../../Engine/Plugins/2D/Paper2D/Binaries/Win64/UE4Editor-SmartSnapping.dll (API version 3944462).
LogModuleManager: Display: Found up-to-date module file ../../../Engine/Plugins/Blendables/LightPropagationVolume/Binaries/Win64/UE4Editor-LightPropagationVolumeRuntime.dll (API version 3944462).
LogModuleManager: Display: Found up-to-date module file ../../../Engine/Plugins/Blendables/LightPropagationVolume/Binaries/Win64/UE4Editor-LightPropagationVolumeEditor.dll (API version 3944462).
LogModuleManager: Display: Found up-to-date module file ../../../Engine/Plugins/Developer/CLionSourceCodeAccess/Binaries/Win64/UE4Editor-CLionSourceCodeAccess.dll (API version 3944462).
LogModuleManager: Display: Found up-to-date module file ../../../Engine/Plugins/Developer/GitSourceControl/Binaries/Win64/UE4Editor-GitSourceControl.dll (API version 3944462).
LogModuleManager: Display: Found up-to-date module file ../../../Engine/Plugins/Developer/PerforceSourceControl/Binaries/Win64/UE4Editor-PerforceSourceControl.dll (API version 3944462).
LogModuleManager: Display: Found up-to-date module file ../../../Engine/Plugins/Developer/SubversionSourceControl/Binaries/Win64/UE4Editor-SubversionSourceControl.dll (API version 3944462).
LogModuleManager: Display: Found up-to-date module file ../../../Engine/Plugins/Developer/UObjectPlugin/Binaries/Win64/UE4Editor-UObjectPlugin.dll (API version 3944462).
LogModuleManager: Display: Found up-to-date module file ../../../Engine/Plugins/Developer/VisualStudioCodeSourceCodeAccess/Binaries/Win64/UE4Editor-VisualStudioCodeSourceCodeAccess.dll (API version 3944462).
LogModuleManager: Display: Found up-to-date module file ../../../Engine/Plugins/Developer/VisualStudioSourceCodeAccess/Binaries/Win64/UE4Editor-VisualStudioSourceCodeAccess.dll (API version 3944462).
LogModuleManager: Display: Found up-to-date module file ../../../Engine/Plugins/Editor/AssetManagerEditor/Binaries/Win64/UE4Editor-AssetManagerEditor.dll (API version 3944462).
LogModuleManager: Display: Found up-to-date module file ../../../Engine/Plugins/Editor/CryptoKeys/Binaries/Win64/UE4Editor-CryptoKeys.dll (API version 3944462).
LogModuleManager: Display: Found up-to-date module file ../../../Engine/Plugins/Editor/CryptoKeys/Binaries/Win64/UE4Editor-CryptoKeysOpenSSL.dll (API version 3944462).
LogModuleManager: Display: Found up-to-date module file ../../../Engine/Plugins/Editor/DataValidation/Binaries/Win64/UE4Editor-DataValidation.dll (API version 3944462).
LogModuleManager: Display: Found up-to-date module file ../../../Engine/Plugins/Editor/FacialAnimation/Binaries/Win64/UE4Editor-FacialAnimation.dll (API version 3944462).
LogModuleManager: Display: Found up-to-date module file ../../../Engine/Plugins/Editor/FacialAnimation/Binaries/Win64/UE4Editor-FacialAnimationEditor.dll (API version 3944462).
LogModuleManager: Display: Found up-to-date module file ../../../Engine/Plugins/Editor/GameplayTagsEditor/Binaries/Win64/UE4Editor-GameplayTagsEditor.dll (API version 3944462).
LogModuleManager: Display: Found up-to-date module file ../../../Engine/Plugins/Editor/MobileLauncherProfileWizard/Binaries/Win64/UE4Editor-MobileLauncherProfileWizard.dll (API version 3944462).
LogModuleManager: Display: Found up-to-date module file ../../../Engine/Plugins/Editor/PluginBrowser/Binaries/Win64/UE4Editor-PluginBrowser.dll (API version 3944462).
LogModuleManager: Display: Found up-to-date module file ../../../Engine/Plugins/Editor/SpeedTreeImporter/Binaries/Win64/UE4Editor-SpeedTreeImporter.dll (API version 3944462).
LogModuleManager: Display: Found up-to-date module file ../../../Engine/Plugins/Enterprise/DatasmithContent/Binaries/Win64/UE4Editor-DatasmithContent.dll (API version 3944462).
LogModuleManager: Display: Found up-to-date module file ../../../Engine/Plugins/Experimental/AlembicImporter/Binaries/Win64/UE4Editor-AlembicImporter.dll (API version 3944462).
LogModuleManager: Display: Found up-to-date module file ../../../Engine/Plugins/Experimental/AlembicImporter/Binaries/Win64/UE4Editor-AlembicLibrary.dll (API version 3944462).
LogModuleManager: Display: Found up-to-date module file ../../../Engine/Plugins/Experimental/CharacterAI/Binaries/Win64/UE4Editor-CharacterAI.dll (API version 3944462).
LogModuleManager: Display: Found up-to-date module file ../../../Engine/Plugins/Experimental/HTML5Networking/Binaries/Win64/UE4Editor-HTML5Networking.dll (API version 3944462).
LogModuleManager: Display: Found up-to-date module file ../../../Engine/Plugins/Media/AndroidMedia/Binaries/Win64/UE4Editor-AndroidMediaEditor.dll (API version 3944462).
LogModuleManager: Display: Found up-to-date module file ../../../Engine/Plugins/Media/AndroidMedia/Binaries/Win64/UE4Editor-AndroidMediaFactory.dll (API version 3944462).
LogModuleManager: Display: Found up-to-date module file ../../../Engine/Plugins/Media/AvfMedia/Binaries/Win64/UE4Editor-AvfMediaEditor.dll (API version 3944462).
LogModuleManager: Display: Found up-to-date module file ../../../Engine/Plugins/Media/AvfMedia/Binaries/Win64/UE4Editor-AvfMediaFactory.dll (API version 3944462).
LogModuleManager: Display: Found up-to-date module file ../../../Engine/Plugins/Media/AvfMedia/Binaries/Win64/UE4Editor-AvfMediaFactory.dll (API version 3944462).
LogModuleManager: Display: Found up-to-date module file ../../../Engine/Plugins/Media/ImgMedia/Binaries/Win64/UE4Editor-ImgMedia.dll (API version 3944462).
LogModuleManager: Display: Found up-to-date module file ../../../Engine/Plugins/Media/ImgMedia/Binaries/Win64/UE4Editor-ImgMediaEditor.dll (API version 3944462).
LogModuleManager: Display: Found up-to-date module file ../../../Engine/Plugins/Media/ImgMedia/Binaries/Win64/UE4Editor-ImgMediaFactory.dll (API version 3944462).
LogModuleManager: Display: Found up-to-date module file ../../../Engine/Plugins/Media/ImgMedia/Binaries/Win64/UE4Editor-ImgMediaFactory.dll (API version 3944462).
LogModuleManager: Display: Found up-to-date module file ../../../Engine/Plugins/Media/ImgMedia/Binaries/Win64/UE4Editor-OpenExrWrapper.dll (API version 3944462).
LogModuleManager: Display: Found up-to-date module file ../../../Engine/Plugins/Media/LinearTimecode/Binaries/Win64/UE4Editor-LinearTimecode.dll (API version 3944462).
LogModuleManager: Display: Found up-to-date module file ../../../Engine/Plugins/Media/MediaCompositing/Binaries/Win64/UE4Editor-MediaCompositing.dll (API version 3944462).
LogModuleManager: Display: Found up-to-date module file ../../../Engine/Plugins/Media/MediaCompositing/Binaries/Win64/UE4Editor-MediaCompositingEditor.dll (API version 3944462).
LogModuleManager: Display: Found up-to-date module file ../../../Engine/Plugins/Media/MediaPlayerEditor/Binaries/Win64/UE4Editor-MediaPlayerEditor.dll (API version 3944462).
LogModuleManager: Display: Found up-to-date module file ../../../Engine/Plugins/Media/WmfMedia/Binaries/Win64/UE4Editor-WmfMedia.dll (API version 3944462).
LogModuleManager: Display: Found up-to-date module file ../../../Engine/Plugins/Media/WmfMedia/Binaries/Win64/UE4Editor-WmfMediaEditor.dll (API version 3944462).
LogModuleManager: Display: Found up-to-date module file ../../../Engine/Plugins/Media/WmfMedia/Binaries/Win64/UE4Editor-WmfMediaFactory.dll (API version 3944462).
LogModuleManager: Display: Found up-to-date module file ../../../Engine/Plugins/Media/WmfMedia/Binaries/Win64/UE4Editor-WmfMediaFactory.dll (API version 3944462).
LogModuleManager: Display: Found up-to-date module file ../../../Engine/Plugins/Messaging/TcpMessaging/Binaries/Win64/UE4Editor-TcpMessaging.dll (API version 3944462).
LogModuleManager: Display: Found up-to-date module file ../../../Engine/Plugins/Messaging/UdpMessaging/Binaries/Win64/UE4Editor-UdpMessaging.dll (API version 3944462).
LogModuleManager: Display: Found up-to-date module file ../../../Engine/Plugins/MovieScene/ActorSequence/Binaries/Win64/UE4Editor-ActorSequence.dll (API version 3944462).
LogModuleManager: Display: Found up-to-date module file ../../../Engine/Plugins/MovieScene/LevelSequenceEditor/Binaries/Win64/UE4Editor-LevelSequenceEditor.dll (API version 3944462).
LogModuleManager: Display: Found up-to-date module file ../../../Engine/Plugins/MovieScene/MatineeToLevelSequence/Binaries/Win64/UE4Editor-MatineeToLevelSequence.dll (API version 3944462).
LogModuleManager: Display: Found up-to-date module file ../../../Engine/Plugins/NetcodeUnitTest/NetcodeUnitTest/Binaries/Win64/UE4Editor-NetcodeUnitTest.dll (API version 3944462).
LogModuleManager: Display: Found up-to-date module file ../../../Engine/Plugins/NetcodeUnitTest/NUTUnrealEngine4/Binaries/Win64/UE4Editor-NUTUnrealEngine4.dll (API version 3944462).
LogModuleManager: Display: Found up-to-date module file ../../../Engine/Plugins/Online/OnlineSubsystem/Binaries/Win64/UE4Editor-OnlineSubsystem.dll (API version 3944462).
LogModuleManager: Display: Found up-to-date module file ../../../Engine/Plugins/Runtime/AndroidPermission/Binaries/Win64/UE4Editor-AndroidPermission.dll (API version 3944462).
LogModuleManager: Display: Found up-to-date module file ../../../Engine/Plugins/Online/OnlineSubsystemNull/Binaries/Win64/UE4Editor-OnlineSubsystemNull.dll (API version 3944462).
LogModuleManager: Display: Found up-to-date module file ../../../Engine/Plugins/Online/OnlineSubsystemUtils/Binaries/Win64/UE4Editor-OnlineSubsystemUtils.dll (API version 3944462).
LogModuleManager: Display: Found up-to-date module file ../../../Engine/Plugins/Online/OnlineSubsystemUtils/Binaries/Win64/UE4Editor-OnlineBlueprintSupport.dll (API version 3944462).
LogModuleManager: Display: Found up-to-date module file ../../../Engine/Plugins/Runtime/AndroidDeviceProfileSelector/Binaries/Win64/UE4Editor-AndroidDeviceProfileSelector.dll (API version 3944462).
LogModuleManager: Display: Found up-to-date module file ../../../Engine/Plugins/Runtime/AppleARKit/Binaries/Win64/UE4Editor-AppleARKit.dll (API version 3944462).
LogModuleManager: Display: Found up-to-date module file ../../../Engine/Plugins/Runtime/ProceduralMeshComponent/Binaries/Win64/UE4Editor-ProceduralMeshComponent.dll (API version 3944462).
LogModuleManager: Display: Found up-to-date module file ../../../Engine/Plugins/Runtime/ProceduralMeshComponent/Binaries/Win64/UE4Editor-ProceduralMeshComponentEditor.dll (API version 3944462).
LogModuleManager: Display: Found up-to-date module file ../../../Engine/Plugins/Animation/LiveLink/Binaries/Win64/UE4Editor-LiveLink.dll (API version 3944462).
LogModuleManager: Display: Found up-to-date module file ../../../Engine/Plugins/Animation/LiveLink/Binaries/Win64/UE4Editor-LiveLinkEditor.dll (API version 3944462).
LogModuleManager: Display: Found up-to-date module file ../../../Engine/Plugins/Runtime/ArchVisCharacter/Binaries/Win64/UE4Editor-ArchVisCharacter.dll (API version 3944462).
LogModuleManager: Display: Found up-to-date module file ../../../Engine/Plugins/Runtime/AudioCapture/Binaries/Win64/UE4Editor-AudioCapture.dll (API version 3944462).
LogModuleManager: Display: Found up-to-date module file ../../../Engine/Plugins/Runtime/AudioCapture/Binaries/Win64/UE4Editor-AudioCaptureEditor.dll (API version 3944462).
LogModuleManager: Display: Found up-to-date module file ../../../Engine/Plugins/Runtime/CableComponent/Binaries/Win64/UE4Editor-CableComponent.dll (API version 3944462).
LogModuleManager: Display: Found up-to-date module file ../../../Engine/Plugins/Runtime/CustomMeshComponent/Binaries/Win64/UE4Editor-CustomMeshComponent.dll (API version 3944462).
LogModuleManager: Display: Found up-to-date module file ../../../Engine/Plugins/Runtime/ExampleDeviceProfileSelector/Binaries/Win64/UE4Editor-ExampleDeviceProfileSelector.dll (API version 3944462).
LogModuleManager: Display: Found up-to-date module file ../../../Engine/Plugins/Runtime/ImmediatePhysics/Binaries/Win64/UE4Editor-ImmediatePhysics.dll (API version 3944462).
LogModuleManager: Display: Found up-to-date module file ../../../Engine/Plugins/Runtime/ImmediatePhysics/Binaries/Win64/UE4Editor-ImmediatePhysicsEditor.dll (API version 3944462).
LogModuleManager: Display: Found up-to-date module file ../../../Engine/Plugins/Runtime/LocationServicesBPLibrary/Binaries/Win64/UE4Editor-LocationServicesBPLibrary.dll (API version 3944462).
LogModuleManager: Display: Found up-to-date module file ../../../Engine/Plugins/Runtime/MobilePatchingUtils/Binaries/Win64/UE4Editor-MobilePatchingUtils.dll (API version 3944462).
LogModuleManager: Display: Found up-to-date module file ../../../Engine/Plugins/Runtime/Oculus/OculusVR/Binaries/Win64/UE4Editor-OculusHMD.dll (API version 3944462).
LogModuleManager: Display: Found up-to-date module file ../../../Engine/Plugins/Runtime/Oculus/OculusVR/Binaries/Win64/UE4Editor-OculusInput.dll (API version 3944462).
LogModuleManager: Display: Found up-to-date module file ../../../Engine/Plugins/Runtime/Oculus/OculusVR/Binaries/Win64/UE4Editor-OculusEditor.dll (API version 3944462).
LogModuleManager: Display: Found up-to-date module file ../../../Engine/Plugins/Runtime/PhysXVehicles/Binaries/Win64/UE4Editor-PhysXVehicles.dll (API version 3944462).
LogModuleManager: Display: Found up-to-date module file ../../../Engine/Plugins/Runtime/PhysXVehicles/Binaries/Win64/UE4Editor-PhysXVehiclesEditor.dll (API version 3944462).
LogModuleManager: Display: Found up-to-date module file ../../../Engine/Plugins/Runtime/RuntimePhysXCooking/Binaries/Win64/UE4Editor-RuntimePhysXCooking.dll (API version 3944462).
LogModuleManager: Display: Found up-to-date module file ../../../Engine/Plugins/Runtime/Steam/SteamVR/Binaries/Win64/UE4Editor-SteamVR.dll (API version 3944462).
LogModuleManager: Display: Found up-to-date module file ../../../Engine/Plugins/Runtime/Steam/SteamVR/Binaries/Win64/UE4Editor-SteamVRController.dll (API version 3944462).
LogModuleManager: Display: Found up-to-date module file ../../../Engine/Plugins/Runtime/WindowsMoviePlayer/Binaries/Win64/UE4Editor-WindowsMoviePlayer.dll (API version 3944462).
LogPluginManager: Mounting plugin Paper2D
LogPluginManager: Mounting plugin LiveLink
LogPluginManager: Mounting plugin LightPropagationVolume
LogPluginManager: Mounting plugin CLionSourceCodeAccess
LogPluginManager: Mounting plugin CodeLiteSourceCodeAccess
LogPluginManager: Mounting plugin GitSourceControl
LogPluginManager: Mounting plugin KDevelopSourceCodeAccess
LogPluginManager: Mounting plugin NullSourceCodeAccess
LogPluginManager: Mounting plugin PerforceSourceControl
LogPluginManager: Mounting plugin SubversionSourceControl
LogPluginManager: Mounting plugin UObjectPlugin
LogPluginManager: Mounting plugin VisualStudioCodeSourceCodeAccess
LogPluginManager: Mounting plugin VisualStudioSourceCodeAccess
LogPluginManager: Mounting plugin XCodeSourceCodeAccess
LogPluginManager: Mounting plugin AssetManagerEditor
LogPluginManager: Mounting plugin CryptoKeys
LogPluginManager: Mounting plugin DataValidation
LogPluginManager: Mounting plugin FacialAnimation
LogPluginManager: Mounting plugin GameplayTagsEditor
LogPluginManager: Mounting plugin MobileLauncherProfileWizard
LogPluginManager: Mounting plugin PluginBrowser
LogPluginManager: Mounting plugin SpeedTreeImporter
LogPluginManager: Mounting plugin DatasmithContent
LogPluginManager: Mounting plugin AlembicImporter
LogPluginManager: Mounting plugin CharacterAI
LogPluginManager: Mounting plugin HTML5Networking
LogPluginManager: Mounting plugin AndroidMedia
LogPluginManager: Mounting plugin AvfMedia
LogPluginManager: Mounting plugin ImgMedia
LogPluginManager: Mounting plugin LinearTimecode
LogPluginManager: Mounting plugin MediaCompositing
LogPluginManager: Mounting plugin MediaPlayerEditor
LogPluginManager: Mounting plugin WmfMedia
LogPluginManager: Mounting plugin TcpMessaging
LogPluginManager: Mounting plugin UdpMessaging
LogPluginManager: Mounting plugin ActorSequence
LogPluginManager: Mounting plugin LevelSequenceEditor
LogPluginManager: Mounting plugin MatineeToLevelSequence
LogPluginManager: Mounting plugin NetcodeUnitTest
LogPluginManager: Mounting plugin NUTUnrealEngine4
LogPluginManager: Mounting plugin OnlineSubsystemGooglePlay
LogPluginManager: Mounting plugin OnlineSubsystemIOS
LogPluginManager: Mounting plugin OnlineSubsystem
LogPluginManager: Mounting plugin OnlineSubsystemNull
LogPluginManager: Mounting plugin OnlineSubsystemUtils
LogPluginManager: Mounting plugin AndroidDeviceProfileSelector
LogPluginManager: Mounting plugin AndroidMoviePlayer
LogPluginManager: Mounting plugin AndroidPermission
LogPluginManager: Mounting plugin AppleARKit
LogPluginManager: Mounting plugin AppleMoviePlayer
LogPluginManager: Mounting plugin ArchVisCharacter
LogPluginManager: Mounting plugin AudioCapture
LogPluginManager: Mounting plugin CableComponent
LogPluginManager: Mounting plugin CustomMeshComponent
LogPluginManager: Mounting plugin ExampleDeviceProfileSelector
LogPluginManager: Mounting plugin GoogleCloudMessaging
LogPluginManager: Mounting plugin ImmediatePhysics
LogPluginManager: Mounting plugin IOSDeviceProfileSelector
LogPluginManager: Mounting plugin LinuxDeviceProfileSelector
LogPluginManager: Mounting plugin LocationServicesBPLibrary
LogPluginManager: Mounting plugin MobilePatchingUtils
LogPluginManager: Mounting plugin OculusVR
LogPluginManager: Plugin shader directory ../../../Engine/Plugins/Runtime/Oculus/OculusVR/Shaders found
LogPluginManager: Mapping shader source directory ../../../Engine/Plugins/Runtime/Oculus/OculusVR/Shaders to virtual directory /Plugin/OculusVR
LogPluginManager: Mounting plugin PhysXVehicles
LogPluginManager: Mounting plugin ProceduralMeshComponent
LogPluginManager: Mounting plugin RuntimePhysXCooking
LogPluginManager: Mounting plugin SteamVR
LogPluginManager: Mounting plugin WindowsMoviePlayer
LogStreaming: Display: Took  0.881s to configure plugins.
LogInit: Using libcurl 7.47.1
LogInit:  - built for x86_64-pc-win32
LogInit:  - supports SSL with OpenSSL/1.0.2g
LogInit:  - supports HTTP deflate (compression) using libz 1.2.8
LogInit:  - other features:
LogInit:      CURL_VERSION_SSL
LogInit:      CURL_VERSION_LIBZ
LogInit:      CURL_VERSION_IPV6
LogInit:      CURL_VERSION_ASYNCHDNS
LogInit:      CURL_VERSION_LARGEFILE
LogInit:      CURL_VERSION_IDN
LogInit:  CurlRequestOptions (configurable via config and command line):
LogInit:  - bVerifyPeer = false  - Libcurl will NOT verify peer certificate
LogInit:  - bUseHttpProxy = false  - Libcurl will NOT use HTTP proxy
LogInit:  - bDontReuseConnections = false  - Libcurl will reuse connections
LogInit:  - CertBundlePath = nullptr  - Libcurl will use whatever was configured at build time.
LogInit:  - MaxHostConnections = 16  - Libcurl will limit the number of connections to a host
LogInit:  - LocalHostAddr = Default
LogInit: WinSock: version 1.1 (2.2), MaxSocks=32767, MaxUdp=65467
LogInit: WinSock: I am K003-0257 (10.51.0.209:0)
LogInit: Build: ++UE4+Release-4.19-CL-3944462
LogInit: Engine Version: 4.19.0-3944462+++UE4+Release-4.19
LogInit: Compatible Engine Version: 4.19.0-3944462+++UE4+Release-4.19
LogInit: Net CL: 3944462
LogDevObjectVersion: Number of dev versions registered: 18
LogDevObjectVersion:   Dev-Blueprints (B0D832E4-1F89-4F0D-ACCF-7EB736FD4AA2): 10
LogDevObjectVersion:   Dev-Build (E1C64328-A22C-4D53-A36C-8E866417BD8C): 0
LogDevObjectVersion:   Dev-Core (375EC13C-06E4-48FB-B500-84F0262A717E): 2
LogDevObjectVersion:   Dev-Editor (E4B068ED-F494-42E9-A231-DA0B2E46BB41): 23
LogDevObjectVersion:   Dev-Framework (CFFC743F-43B0-4480-9391-14DF171D2073): 33
LogDevObjectVersion:   Dev-Mobile (B02B49B5-BB20-44E9-A304-32B752E40360): 2
LogDevObjectVersion:   Dev-Networking (A4E4105C-59A1-49B5-A7C5-40C4547EDFEE): 0
LogDevObjectVersion:   Dev-Online (39C831C9-5AE6-47DC-9A44-9C173E1C8E7C): 0
LogDevObjectVersion:   Dev-Physics (78F01B33-EBEA-4F98-B9B4-84EACCB95AA2): 0
LogDevObjectVersion:   Dev-Platform (6631380F-2D4D-43E0-8009-CF276956A95A): 0
LogDevObjectVersion:   Dev-Rendering (12F88B9F-8875-4AFC-A67C-D90C383ABD29): 25
LogDevObjectVersion:   Dev-Sequencer (7B5AE74C-D270-4C10-A958-57980B212A5A): 6
LogDevObjectVersion:   Dev-VR (D7296918-1DD6-4BDD-9DE2-64A83CC13884): 1
LogDevObjectVersion:   Dev-LoadTimes (C2A15278-BFE7-4AFE-6C17-90FF531DF755): 1
LogDevObjectVersion:   Private-Geometry (6EACA3D4-40EC-4CC1-B786-8BED09428FC5): 2
LogDevObjectVersion:   Dev-AnimPhys (29E575DD-E0A3-4627-9D10-D276232CDCEA): 16
LogDevObjectVersion:   Dev-ReflectionCapture (6B266CEC-1EC7-4B8F-A30B-E4D90942FC07): 1
LogDevObjectVersion:   Dev-Automation (0DF73D61-A23F-47EA-B727-89E90C41499A): 1
LogInit: Compiled (64-bit): Mar 13 2018 23:12:32
LogInit: Compiled with Visual C++: 19.00.24215.01
LogInit: Build Configuration: Development
LogInit: Branch Name: ++UE4+Release-4.19
LogInit: Command Line: 
LogInit: Base Directory: D:/UE_4.19/Engine/Binaries/Win64/
LogInit: Installed Engine Build: 1
LogStreaming: Display: Took  0.006s to delete old logs.
LogInit: Presizing for max 8388607 objects, including 0 objects not considered by GC, pre-allocating 0 bytes for permanent pool.
LogInit: Object subsystem initialized
[2018.04.01-13.37.44:726][  0]LogInit: Selected Device Profile: [Windows]
[2018.04.01-13.37.44:726][  0]LogInit: Applying CVar settings loaded from the selected device profile: [Windows]
[2018.04.01-13.37.44:741][  0]LogInit: Computer: K003-0257
[2018.04.01-13.37.44:741][  0]LogInit: User: tkurcz
[2018.04.01-13.37.44:741][  0]LogInit: CPU Page size=4096, Cores=4
[2018.04.01-13.37.44:741][  0]LogInit: High frequency timer resolution =3.410069 MHz
[2018.04.01-13.37.44:741][  0]LogMemory: Memory total: Physical=31.9GB (32GB approx)
[2018.04.01-13.37.44:741][  0]LogMemory: Platform Memory Stats for Windows
[2018.04.01-13.37.44:741][  0]LogMemory: Process Physical Memory: 276.82 MB used, 276.82 MB peak
[2018.04.01-13.37.44:741][  0]LogMemory: Process Virtual Memory: 281.03 MB used, 281.03 MB peak
[2018.04.01-13.37.44:741][  0]LogMemory: Physical Memory: 12840.34 MB used,  19844.08 MB free, 32684.41 MB total
[2018.04.01-13.37.44:741][  0]LogMemory: Virtual Memory: 713.54 MB used,  19844.08 MB free, 134217728.00 MB total
[2018.04.01-13.37.44:758][  0]LogInit: Using OS detected language (fr-FR).
[2018.04.01-13.37.44:758][  0]LogInit: Using OS detected locale (fr-FR).
[2018.04.01-13.37.44:761][  0]LogTextLocalizationManager: No localization for 'fr-FR' exists, so 'en' will be used for the language.
[2018.04.01-13.37.45:218][  0]LogStreaming: Display: Took  0.461s to EndInitTextLocalization.
[2018.04.01-13.37.45:219][  0]LogInit: Setting process to per monitor DPI aware
[2018.04.01-13.37.45:247][  0]LogSlate: New Slate User Created.  User Index 0, Is Virtual User: 0
[2018.04.01-13.37.45:247][  0]LogSlate: Slate User Registered.  User Index 0, Is Virtual User: 0
[2018.04.01-13.37.45:454][  0]LogD3D11RHI: D3D11 adapters:
[2018.04.01-13.37.45:507][  0]LogD3D11RHI:    0. 'NVIDIA GeForce GTX 1070' (Feature Level 11_0)
[2018.04.01-13.37.45:507][  0]LogD3D11RHI:       8088/0/16342 MB DedicatedVideo/DedicatedSystem/SharedSystem, Outputs:1, VendorId:0x10de
[2018.04.01-13.37.45:510][  0]LogD3D11RHI:    1. 'Microsoft Basic Render Driver' (Feature Level 11_0)
[2018.04.01-13.37.45:510][  0]LogD3D11RHI:       0/0/16342 MB DedicatedVideo/DedicatedSystem/SharedSystem, Outputs:0, VendorId:0x1414
[2018.04.01-13.37.45:510][  0]LogD3D11RHI: Chosen D3D11 Adapter: 0
[2018.04.01-13.37.45:519][  0]LogD3D11RHI: Creating new Direct3DDevice
[2018.04.01-13.37.45:520][  0]LogD3D11RHI:     GPU DeviceId: 0x1b81 (for the marketing name, search the web for "GPU Device Id")
[2018.04.01-13.37.45:520][  0]LogWindows: EnumDisplayDevices:
[2018.04.01-13.37.45:520][  0]LogWindows:    0. 'NVIDIA GeForce GTX 1070' (P:1 D:1)
[2018.04.01-13.37.45:520][  0]LogWindows:    1. 'NVIDIA GeForce GTX 1070' (P:0 D:0)
[2018.04.01-13.37.45:520][  0]LogWindows:    2. 'NVIDIA GeForce GTX 1070' (P:0 D:0)
[2018.04.01-13.37.45:520][  0]LogWindows:    3. 'NVIDIA GeForce GTX 1070' (P:0 D:0)
[2018.04.01-13.37.45:520][  0]LogWindows: DebugString: GetVideoDriverDetailsInvalid PrimaryIsNotTheChoosenAdapter GetVideoDriverDetailsInvalid PrimaryIsNotTheChoosenAdapter GetVideoDriverDetailsInvalid PrimaryIsNotTheChoosenAdapter GetVideoDriverDetailsInvalid PrimaryIsNotTheChoosenAdapter FoundDriverCount:0 
[2018.04.01-13.37.45:520][  0]LogD3D11RHI:     Adapter Name: NVIDIA GeForce GTX 1070
[2018.04.01-13.37.45:520][  0]LogD3D11RHI:   Driver Version: Unknown (internal:Unknown, unified:Unknown)
[2018.04.01-13.37.45:520][  0]LogD3D11RHI:      Driver Date: Unknown
[2018.04.01-13.37.45:520][  0]LogRHI: Texture pool is 5661 MB (70% of 8088 MB)
[2018.04.01-13.37.45:553][  0]LogD3D11RHI: [Aftermath] Aftermath enabled and primed
[2018.04.01-13.37.45:553][  0]LogD3D11RHI: Async texture creation enabled
[2018.04.01-13.37.45:648][  0]LogD3D11RHI: GPU Timing Frequency: 1000.000000 (Debug: 2 2)
[2018.04.01-13.37.45:690][  0]LogShaderCompilers: Guid format shader working directory is -5 characters bigger than the processId version (C:/Users/t.kurcz/Desktop/LittleLeaves/LittleLeave_UE/Intermediate/Shaders/WorkingDirectory/20028/).
[2018.04.01-13.37.45:690][  0]LogShaderCompilers: Cleaned the shader compiler working directory 'C:/Users/t.kurcz/AppData/Local/Temp/UnrealShaderWorkingDir/34D18F8349C184255A38FD9ACED4F1AB/'.
[2018.04.01-13.37.46:015][  0]LogTemp: Display: Loaded TP AllDesktopTargetPlatform
[2018.04.01-13.37.46:028][  0]LogTemp: Display: Loaded TP MacClientTargetPlatform
[2018.04.01-13.37.46:047][  0]LogTemp: Display: Loaded TP MacNoEditorTargetPlatform
[2018.04.01-13.37.46:061][  0]LogTemp: Display: Loaded TP MacServerTargetPlatform
[2018.04.01-13.37.46:076][  0]LogTemp: Display: Loaded TP MacTargetPlatform
[2018.04.01-13.37.46:093][  0]LogTemp: Display: Loaded TP WindowsClientTargetPlatform
[2018.04.01-13.37.46:107][  0]LogTemp: Display: Loaded TP WindowsNoEditorTargetPlatform
[2018.04.01-13.37.46:127][  0]LogTemp: Display: Loaded TP WindowsServerTargetPlatform
[2018.04.01-13.37.46:134][  0]LogTemp: Display: Loaded TP WindowsTargetPlatform
[2018.04.01-13.37.46:148][  0]LogTemp: Display: Loaded TP Android_ASTCTargetPlatform
[2018.04.01-13.37.46:165][  0]LogTemp: Display: Loaded TP Android_ATCTargetPlatform
[2018.04.01-13.37.46:178][  0]LogTemp: Display: Loaded TP Android_DXTTargetPlatform
[2018.04.01-13.37.46:193][  0]LogTemp: Display: Loaded TP Android_ETC1aTargetPlatform
[2018.04.01-13.37.46:210][  0]LogTemp: Display: Loaded TP Android_ETC1TargetPlatform
[2018.04.01-13.37.46:228][  0]LogTemp: Display: Loaded TP Android_ETC2TargetPlatform
[2018.04.01-13.37.46:262][  0]LogTemp: Display: Loaded TP Android_MultiTargetPlatform
[2018.04.01-13.37.46:262][  0]LogTemp: Display: Loaded TP Android_PVRTCTargetPlatform
[2018.04.01-13.37.46:278][  0]LogTemp: Display: Loaded TP AndroidTargetPlatform
[2018.04.01-13.37.46:279][  0]LogTemp: Display: Loaded TP HTML5TargetPlatform
[2018.04.01-13.37.46:317][  0]LogTemp: Display: Loaded TP IOSTargetPlatform
[2018.04.01-13.37.46:329][  0]LogTemp: Display: Loaded TP TVOSTargetPlatform
[2018.04.01-13.37.46:343][  0]LogTemp: Display: Loaded TP LinuxClientTargetPlatform
[2018.04.01-13.37.46:357][  0]LogTemp: Display: Loaded TP LinuxNoEditorTargetPlatform
[2018.04.01-13.37.46:370][  0]LogTemp: Display: Loaded TP LinuxServerTargetPlatform
[2018.04.01-13.37.46:385][  0]LogTemp: Display: Loaded TP LinuxTargetPlatform
[2018.04.01-13.37.46:385][  0]LogTargetPlatformManager: Display: Building Assets For Windows
[2018.04.01-13.37.46:478][  0]LogXGEController: Cleaning working directory: C:/Users/t.kurcz/AppData/Local/Temp/UnrealXGEWorkingDir/
[2018.04.01-13.37.46:478][  0]LogXGEController: Cannot use XGE Controller as Incredibuild is not installed on this machine.
[2018.04.01-13.37.46:478][  0]LogShaderCompilers: Cannot use XGE Shader Compiler as Incredibuild is not installed on this machine.
[2018.04.01-13.37.46:478][  0]LogShaderCompilers: Display: Using Local Shader Compiler.
[2018.04.01-13.37.47:344][  0]LogDerivedDataCache: Display: Max Cache Size: 512 MB
[2018.04.01-13.37.47:418][  0]LogDerivedDataCache: Loaded boot cache 0.07s 74MB C:/Users/t.kurcz/AppData/Local/UnrealEngine/4.19/DerivedDataCache/Boot.ddc.
[2018.04.01-13.37.47:418][  0]LogDerivedDataCache: Display: Loaded Boot cache: C:/Users/t.kurcz/AppData/Local/UnrealEngine/4.19/DerivedDataCache/Boot.ddc
[2018.04.01-13.37.47:418][  0]LogDerivedDataCache: FDerivedDataBackendGraph:  Pak pak cache file C:/Users/t.kurcz/Desktop/LittleLeaves/LittleLeave_UE/DerivedDataCache/DDC.ddp not found, will not use a pak cache.
[2018.04.01-13.37.47:418][  0]LogDerivedDataCache: Unable to find inner node Pak for hierarchical cache Hierarchy.
[2018.04.01-13.37.47:418][  0]LogDerivedDataCache: FDerivedDataBackendGraph:  CompressedPak pak cache file C:/Users/t.kurcz/Desktop/LittleLeaves/LittleLeave_UE/DerivedDataCache/Compressed.ddp not found, will not use a pak cache.
[2018.04.01-13.37.47:418][  0]LogDerivedDataCache: Unable to find inner node CompressedPak for hierarchical cache Hierarchy.
[2018.04.01-13.37.47:434][  0]LogDerivedDataCache: Display: Pak cache opened for reading ../../../Engine/DerivedDataCache/Compressed.ddp.
[2018.04.01-13.37.47:447][  0]LogDerivedDataCache: Using Local data cache path C:/Users/t.kurcz/AppData/Local/UnrealEngine/Common/DerivedDataCache: Writable
[2018.04.01-13.37.47:460][  0]LogMaterial: Verifying Global Shaders for PCD3D_SM5
[2018.04.01-13.37.47:460][  0]LogSlate: Using Freetype 2.6.0
[2018.04.01-13.37.47:461][  0]LogSlate: SlateFontCache - WITH_FREETYPE: 1, WITH_HARFBUZZ: 1
[2018.04.01-13.37.47:461][  0]LogSlate: SlateFontCache - WITH_FREETYPE: 1, WITH_HARFBUZZ: 1
[2018.04.01-13.37.47:583][  0]LogAssetRegistry: FAssetRegistry took 0.0273 seconds to start up
[2018.04.01-13.37.47:934][  0]LogInit: Selected Device Profile: [Windows]
[2018.04.01-13.37.48:086][  0]LogSimplygon: Simplygon DLL not present - disabling.
[2018.04.01-13.37.48:088][  0]LogMeshReduction: Using SimplygonSwarm for distributed automatic mesh merging
[2018.04.01-13.37.48:088][  0]LogMeshReduction: Using QuadricMeshReduction for automatic static mesh reduction
[2018.04.01-13.37.48:088][  0]LogMeshReduction: No automatic skeletal mesh reduction module available
[2018.04.01-13.37.48:088][  0]LogMeshReduction: No automatic mesh merging module available
[2018.04.01-13.37.48:088][  0]LogMeshMerging: No automatic mesh merging module available
[2018.04.01-13.37.48:116][  0]LogNetVersion: LittleLeave_UE , NetCL: 3944462, EngineNetVer: 2, GameNetVer: 0 (Checksum: 4075715060)
[2018.04.01-13.37.48:545][  0]LogPackageLocalizationCache: Processed 9 localized package path(s) for 1 prioritized culture(s) in 0.076884 seconds
[2018.04.01-13.37.48:552][  0]LogUObjectArray: 36728 objects as part of root set at end of initial load.
[2018.04.01-13.37.48:552][  0]LogUObjectAllocator: 7314312 out of 0 bytes used by permanent object pool.
[2018.04.01-13.37.48:552][  0]LogUObjectArray: CloseDisregardForGC: 0/0 objects in disregard for GC pool
[2018.04.01-13.37.50:074][  0]LogTcpMessaging: Initializing TcpMessaging bridge
[2018.04.01-13.37.50:097][  0]LogUdpMessaging: Initializing bridge on interface 0.0.0.0:0 to multicast group 230.0.0.1:6666.
[2018.04.01-13.37.50:365][  0]SourceControl: Source control is disabled
[2018.04.01-13.37.50:366][  0]SourceControl: Source control is disabled
[2018.04.01-13.37.50:376][  0]SourceControl: Source control is disabled
[2018.04.01-13.37.50:387][  0]SourceControl: Source control is disabled
[2018.04.01-13.37.50:759][  0]LogAndroidPermission: UAndroidPermissionCallbackProxy::GetInstance
[2018.04.01-13.37.50:876][  0]LogOcInput: OculusInput pre-init called
[2018.04.01-13.37.50:965][  0]LogEngine: Initializing Engine...
[2018.04.01-13.37.50:967][  0]LogHMD: Failed to initialize OpenVR with code 110
[2018.04.01-13.37.50:969][  0]LogStats: UGameplayTagsManager::ConstructGameplayTagTree: Construct from data asset -  0.000 s
[2018.04.01-13.37.50:969][  0]LogStats: UGameplayTagsManager::ConstructGameplayTagTree: GameplayTagTreeChangedEvent.Broadcast -  0.000 s
[2018.04.01-13.37.51:222][  0]LogAIModule: Creating AISystem for world Untitled
[2018.04.01-13.37.51:228][  0]LogInit: XAudio2 using 'Haut-parleurs (Realtek High Definition Audio)' : 2 channels at 48 kHz using 32 bits per sample (channel mask 0x3)
[2018.04.01-13.37.51:243][  0]LogInit: FAudioDevice initialized.
[2018.04.01-13.37.51:321][  0]LogDerivedDataCache: Saved boot cache 0.08s 74MB C:/Users/t.kurcz/AppData/Local/UnrealEngine/4.19/DerivedDataCache/Boot.ddc.
[2018.04.01-13.37.51:332][  0]LogInit: Texture streaming: Enabled
[2018.04.01-13.37.51:344][  0]LogEngineSessionManager: EngineSessionManager initialized
[2018.04.01-13.37.51:344][  0]LogEngineSessionManager: EngineSessionManager sent abnormal shutdown report. Type=Crashed, SessionId={92BCDA8A-4D1A-054B-E7D0-3384AE39E92A}
[2018.04.01-13.37.51:356][  0]LogInit: Transaction tracking system initialized
[2018.04.01-13.37.51:371][  0]BlueprintLog: New page: Editor Load
[2018.04.01-13.37.51:421][  0]LocalizationService: Localization service is disabled
[2018.04.01-13.37.51:498][  0]LogConsoleResponse: Display: 
[2018.04.01-13.37.51:617][  0]LogCook: Display: Max memory allowance for cook 16384mb min free memory 0mb
[2018.04.01-13.37.51:617][  0]LogCook: Display: Mobile HDR setting 1
[2018.04.01-13.37.51:617][  0]LogGameplayTags: Display: UGameplayTagsManager::DoneAddingNativeTags. DelegateIsBound: 0
[2018.04.01-13.37.51:617][  0]LogStats: UGameplayTagsManager::ConstructGameplayTagTree: Construct from data asset -  0.000 s
[2018.04.01-13.37.51:617][  0]LogStats: UGameplayTagsManager::ConstructGameplayTagTree: GameplayTagTreeChangedEvent.Broadcast -  0.000 s
[2018.04.01-13.37.51:890][  0]SourceControl: Source control is disabled
[2018.04.01-13.37.51:890][  0]Cmd: MAP LOAD FILE="C:/Users/t.kurcz/Desktop/LittleLeaves/LittleLeave_UE/Content/ThirdPersonBP/Maps/ThirdPersonExampleMap.umap" TEMPLATE=0 SHOWPROGRESS=1 FEATURELEVEL=3
[2018.04.01-13.37.51:890][  0]LightingResults: New page: Lighting Build
[2018.04.01-13.37.51:893][  0]MapCheck: New page: Map Check
[2018.04.01-13.37.51:893][  0]LightingResults: New page: Lighting Build
[2018.04.01-13.37.52:412][  0]LogSkeletalMesh: Skeletal Mesh found in DDC [11.045525ms] /Game/Mannequin/Character/Mesh/SK_Mannequin.SK_Mannequin
[2018.04.01-13.37.52:581][  0]LogAIModule: Creating AISystem for world ThirdPersonExampleMap
[2018.04.01-13.37.52:621][  0]LogEditorServer: Finished looking for orphan Actors (0.000 secs)
[2018.04.01-13.37.52:637][  0]Cmd: MAP CHECKDEP NOCLEARLOG
[2018.04.01-13.37.52:681][  0]MapCheck: Map check complete: 0 Error(s), 0 Warning(s), took 43,69ms to complete.
[2018.04.01-13.37.52:681][  0]LogFileHelpers: Loading map 'ThirdPersonExampleMap' took 0.791
[2018.04.01-13.37.52:793][  0]LogCollectionManager: Loaded 0 collections in 0.000794 seconds
[2018.04.01-13.37.52:830][  0]LogFileCache: Scanning file cache for directory 'C:/Users/t.kurcz/Desktop/LittleLeaves/LittleLeave_UE/Saved/Collections/' took 0.01s
[2018.04.01-13.37.52:830][  0]LogFileCache: Scanning file cache for directory 'C:/Users/t.kurcz/Desktop/LittleLeaves/LittleLeave_UE/Content/Developers/tkurcz/Collections/' took 0.01s
[2018.04.01-13.37.52:830][  0]LogFileCache: Scanning file cache for directory 'C:/Users/t.kurcz/Desktop/LittleLeaves/LittleLeave_UE/Content/Collections/' took 0.01s
[2018.04.01-13.37.52:830][  0]LogCollectionManager: Rebuilt the GUID cache for 0 collections in 0.000000 seconds
[2018.04.01-13.37.52:841][  0]LogContentBrowser: Native class hierarchy populated in 0.0100 seconds. Added 2452 classes and 558 folders.
[2018.04.01-13.37.52:845][  0]LogContentBrowser: Native class hierarchy updated for 'WidgetCarousel' in 0.0002 seconds. Added 0 classes and 0 folders.
[2018.04.01-13.37.52:876][  0]LogContentBrowser: Native class hierarchy updated for 'AddContentDialog' in 0.0002 seconds. Added 0 classes and 0 folders.
[2018.04.01-13.37.52:879][  0]LogContentBrowser: Native class hierarchy updated for 'SceneOutliner' in 0.0002 seconds. Added 1 classes and 2 folders.
[2018.04.01-13.37.53:968][  0]LogSlate: Only BGRA pngs, bmps or icos are supported in by External Image Picker
[2018.04.01-13.37.54:019][  0]LogTemp: Executing iPhonePackager certificates Engine -bundlename com.YourCompany.LittleLeaveUE
[2018.04.01-13.37.54:019][  0]LogTemp: CWD: D:\UE_4.19\Engine\Binaries\DotNET\IOS
[2018.04.01-13.37.54:019][  0]LogTemp: Initial Dir: D:\UE_4.19
[2018.04.01-13.37.54:019][  0]LogTemp: Env CWD: D:\UE_4.19\Engine\Binaries\DotNET\IOS
[2018.04.01-13.37.54:019][  0]LogContentBrowser: Native class hierarchy updated for 'HierarchicalLODOutliner' in 0.0003 seconds. Added 0 classes and 0 folders.
[2018.04.01-13.37.54:019][  0]LogLoad: (Engine Initialization) Total time: 11.45 seconds
[2018.04.01-13.37.54:019][  0]LogLoad: (Engine Initialization) Total Blueprint compile time: 0.00 seconds
[2018.04.01-13.37.54:361][  0]LogTemp: BranchPath = K003-0257/D/UE_4.19/Engine/Binaries --- GameBranchPath = K003-0257/D/UE_4.19/Engine/Binaries
[2018.04.01-13.37.54:361][  0]LogTemp: IPP ERROR: Could not find provision directory 'C:\Users\t.kurcz\AppData\Local/Apple Computer/MobileDevice/Provisioning Profiles/'.
[2018.04.01-13.37.54:361][  0]LogSlate: New Slate User Created.  User Index 1, Is Virtual User: 0
[2018.04.01-13.37.54:361][  0]LogSlate: Slate User Registered.  User Index 1, Is Virtual User: 0
[2018.04.01-13.37.54:387][  0]LogContentStreaming: Texture pool size now 1000 MB
[2018.04.01-13.37.54:388][  0]LogSlate: Took 0.000234 seconds to synchronously load lazily loaded font '../../../Engine/Content/Slate/Fonts/Roboto-Regular.ttf' (155K)
[2018.04.01-13.37.54:390][  0]LogSlate: Took 0.000153 seconds to synchronously load lazily loaded font '../../../Engine/Content/Slate/Fonts/Roboto-Bold.ttf' (160K)
[2018.04.01-13.37.54:397][  0]LogSlate: Took 0.000173 seconds to synchronously load lazily loaded font '../../../Engine/Content/Editor/Slate/Fonts/FontAwesome.ttf' (139K)
[2018.04.01-13.37.54:438][  0]LogRenderer: Reallocating scene render targets to support 64x64 Format 10 NumSamples 1 (Frame:1).
[2018.04.01-13.37.54:521][  0]LogRenderer: Reallocating scene render targets to support 804x340 Format 10 NumSamples 1 (Frame:1).
[2018.04.01-13.37.54:521][  0]LogSlate: Took 0.000310 seconds to synchronously load lazily loaded font '../../../Engine/Content/Slate/Fonts/Roboto-Light.ttf' (167K)
[2018.04.01-13.37.55:034][  2]LogAssetRegistry: Asset discovery search completed in 7.4727 seconds
[2018.04.01-13.37.55:035][  2]LogCollectionManager: Rebuilt the object cache for 0 collections in 0.000000 seconds (found 0 objects)
[2018.04.01-13.37.55:035][  2]LogCollectionManager: Fixed up redirectors for 0 collections in 0.000053 seconds (updated 0 objects)
[2018.04.01-13.37.55:369][  3]LogSlate: Took 0.000222 seconds to synchronously load lazily loaded font '../../../Engine/Content/Slate/Fonts/Roboto-Light.ttf' (167K)
[2018.04.01-13.38.41:284][282]LogSlate: FSceneViewport::OnFocusLost() reason 0
[2018.04.01-13.38.41:410][292]LogRenderer: Reallocating scene render targets to support 1208x544 Format 10 NumSamples 1 (Frame:147).
[2018.04.01-13.38.46:227][842]LogAIModule: Creating AISystem for world Victor_Map_TomEdit
[2018.04.01-13.38.46:244][842]LogUObjectGlobals: Warning: Failed to find object 'Object /Game/Victor_Map_TomEdit.Victor_Map'
[2018.04.01-13.38.48:121][974]LogAIModule: Creating AISystem for world Victor_Map
[2018.04.01-13.38.48:145][974]Cmd: MAP LOAD FILE="C:/Users/t.kurcz/Desktop/LittleLeaves/LittleLeave_UE/Content/Victor_Map.umap" TEMPLATE=0 SHOWPROGRESS=1 FEATURELEVEL=3
[2018.04.01-13.38.48:145][974]LightingResults: New page: Lighting Build
[2018.04.01-13.38.48:145][974]LoadErrors: New page: Loading map: Victor_Map.umap
[2018.04.01-13.38.48:147][974]MapCheck: New page: Map Check
[2018.04.01-13.38.48:147][974]LightingResults: New page: Lighting Build
[2018.04.01-13.38.48:218][974]LogEditorServer: Finished looking for orphan Actors (0.000 secs)
[2018.04.01-13.38.48:277][974]Cmd: MAP CHECKDEP NOCLEARLOG
[2018.04.01-13.38.48:334][974]MapCheck: Map check complete: 0 Error(s), 0 Warning(s), took 56,766ms to complete.
[2018.04.01-13.38.48:336][974]LogFileHelpers: Loading map 'Victor_Map' took 0.193
[2018.04.01-13.38.57:773][ 64]LogSlate: FSceneViewport::OnFocusLost() reason 0
[2018.04.01-13.39.02:157][407]LogContentBrowser: Native class hierarchy updated for 'BlueprintGraph' in 0.0006 seconds. Added 116 classes and 0 folders.
[2018.04.01-13.39.02:822][407]LogSlate: Took 0.000195 seconds to synchronously load lazily loaded font '../../../Engine/Content/Slate/Fonts/Roboto-BoldCondensed.ttf' (158K)
[2018.04.01-13.39.04:952][557]LogSlate: Window 'Victor_Map - Level Blueprint Editor' being destroyed
[2018.04.01-13.39.17:887][ 97]BlueprintLog: New page: Compile Victor_Map
[2018.04.01-13.39.18:659][172]LogTemp: Repeating last play command: New Editor Window (PIE)
[2018.04.01-13.39.18:687][172]LogBlueprintUserMessages: Early PlayInEditor Detection: Level '/Game/Victor_Map.Victor_Map:PersistentLevel' has LevelScriptBlueprint '/Game/Victor_Map.Victor_Map:PersistentLevel.Victor_Map' with GeneratedClass '/Game/Victor_Map.Victor_Map_C' with ClassGeneratedBy '/Game/Victor_Map.Victor_Map:PersistentLevel.Victor_Map'
[2018.04.01-13.39.18:687][172]LogPlayLevel: PlayLevel: No blueprints needed recompiling
[2018.04.01-13.39.18:688][172]PIE: New page: PIE session: Victor_Map (1 avr. 2018 17:39:18)
[2018.04.01-13.39.18:688][172]LogPlayLevel: Creating play world package: /Game/UEDPIE_0_Victor_Map
[2018.04.01-13.39.18:702][172]LogPlayLevel: PIE: StaticDuplicateObject took: (0.014042s)
[2018.04.01-13.39.18:702][172]LogAIModule: Creating AISystem for world Victor_Map
[2018.04.01-13.39.18:703][172]LogPlayLevel: PIE: World Init took: (0.000735s)
[2018.04.01-13.39.18:703][172]LogPlayLevel: PIE: Created PIE world by copying editor world from /Game/Victor_Map.Victor_Map to /Game/UEDPIE_0_Victor_Map.Victor_Map (0.015080s)
[2018.04.01-13.39.18:752][172]LogInit: XAudio2 using 'Haut-parleurs (Realtek High Definition Audio)' : 2 channels at 48 kHz using 32 bits per sample (channel mask 0x3)
[2018.04.01-13.39.18:761][172]LogInit: FAudioDevice initialized.
[2018.04.01-13.39.18:811][172]LogLoad: Game class is 'ThirdPersonGameMode_C'
[2018.04.01-13.39.18:827][172]LogWorld: Bringing World /Game/UEDPIE_0_Victor_Map.Victor_Map up for play (max tick rate 0) at 2018.04.01-15.39.18
[2018.04.01-13.39.18:829][172]LogBlueprintUserMessages: [Player1_Pawn_704] Can Interact!
[2018.04.01-13.39.18:829][172]LogBlueprintUserMessages: [Player1_Pawn_704] Can Interact!
[2018.04.01-13.39.18:829][172]LogWorld: Bringing up level for play took: 0.017075
[2018.04.01-13.39.18:829][172]LogGameMode: FindPlayerStart: PATHS NOT DEFINED or NO PLAYERSTART with positive rating
[2018.04.01-13.39.18:831][172]LogContentBrowser: Native class hierarchy updated for 'MovieSceneCapture' in 0.0002 seconds. Added 11 classes and 0 folders.
[2018.04.01-13.39.18:833][172]LogBlueprintUserMessages: [ThirdPersonCharacter_C_0] Can Interact!
[2018.04.01-13.39.18:833][172]LogBlueprintUserMessages: [ThirdPersonCharacter_C_0] Can Interact!
[2018.04.01-13.39.18:834][172]LogBlueprintUserMessages: [Player1_Pawn_704] 2
[2018.04.01-13.39.18:835][172]LogGameMode: FindPlayerStart: PATHS NOT DEFINED or NO PLAYERSTART with positive rating
[2018.04.01-13.39.18:837][172]LogScript: Warning: Accessed None trying to read property PlayerController
	ThirdPersonCharacter_C /Game/UEDPIE_0_Victor_Map.Victor_Map:PersistentLevel.ThirdPersonCharacter_C_1
	Function /Game/ThirdPersonBP/Blueprints/ThirdPersonCharacter.ThirdPersonCharacter_C:ExecuteUbergraph_ThirdPersonCharacter:00FF
[2018.04.01-13.39.18:837][172]PIE: Error: Blueprint Runtime Error: Accessed None trying to read property PlayerController from function: 'ExecuteUbergraph_ThirdPersonCharacter' from node: Possess in graph: EventGraph in object: ThirdPersonCharacter with description: Accessed None trying to read property PlayerController
[2018.04.01-13.39.18:837][172]LogBlueprintUserMessages: [ThirdPersonCharacter_C_1] 2
[2018.04.01-13.39.18:837][172]LogBlueprintUserMessages: [ThirdPersonCharacter_C_1] Can Interact!
[2018.04.01-13.39.18:837][172]LogBlueprintUserMessages: [ThirdPersonCharacter_C_0] Can Interact!
[2018.04.01-13.39.18:837][172]LogBlueprintUserMessages: [ThirdPersonCharacter_C_1] Can Interact!
[2018.04.01-13.39.18:837][172]LogBlueprintUserMessages: [ThirdPersonCharacter_C_1] Can Interact!
[2018.04.01-13.39.18:838][172]LogBlueprintUserMessages: [ThirdPersonCharacter_C_0] 1
[2018.04.01-13.39.18:840][172]PIE: Play in editor start time for /Game/UEDPIE_0_Victor_Map 0,103
[2018.04.01-13.39.18:840][172]LogBlueprintUserMessages: Late PlayInEditor Detection: Level '/Game/Victor_Map.Victor_Map:PersistentLevel' has LevelScriptBlueprint '/Game/Victor_Map.Victor_Map:PersistentLevel.Victor_Map' with GeneratedClass '/Game/Victor_Map.Victor_Map_C' with ClassGeneratedBy '/Game/Victor_Map.Victor_Map:PersistentLevel.Victor_Map'
[2018.04.01-13.39.18:875][172]LogRenderer: Reallocating scene render targets to support 1780x1040 Format 10 NumSamples 1 (Frame:1).
[2018.04.01-13.39.20:166][311]LogBlueprintUserMessages: [ThirdPersonCharacter_C_0] Can't Interact...
[2018.04.01-13.39.20:166][311]LogBlueprintUserMessages: [ThirdPersonCharacter_C_1] Can't Interact...
[2018.04.01-13.39.21:926][522]LogScript: Warning: Accessed None trying to read property CallFunc_FinishSpawningActor_ReturnValue
	ThirdPersonCharacter_C /Game/UEDPIE_0_Victor_Map.Victor_Map:PersistentLevel.ThirdPersonCharacter_C_0
	Function /Game/ThirdPersonBP/Blueprints/ThirdPersonCharacter.ThirdPersonCharacter_C:ExecuteUbergraph_ThirdPersonCharacter:1EF7
[2018.04.01-13.39.21:926][522]PIE: Error: Blueprint Runtime Error: Accessed None trying to read property CallFunc_FinishSpawningActor_ReturnValue from function: 'ExecuteUbergraph_ThirdPersonCharacter' from node: DestroyActor in graph: Overlap in object: ThirdPersonCharacter with description: Accessed None trying to read property CallFunc_FinishSpawningActor_ReturnValue
[2018.04.01-13.39.22:610][604]LogScript: Warning: Accessed None trying to read property CallFunc_FinishSpawningActor_ReturnValue
	ThirdPersonCharacter_C /Game/UEDPIE_0_Victor_Map.Victor_Map:PersistentLevel.ThirdPersonCharacter_C_0
	Function /Game/ThirdPersonBP/Blueprints/ThirdPersonCharacter.ThirdPersonCharacter_C:ExecuteUbergraph_ThirdPersonCharacter:1EF7
[2018.04.01-13.39.22:610][604]PIE: Error: Blueprint Runtime Error: Accessed None trying to read property CallFunc_FinishSpawningActor_ReturnValue from function: 'ExecuteUbergraph_ThirdPersonCharacter' from node: DestroyActor in graph: Overlap in object: ThirdPersonCharacter with description: Accessed None trying to read property CallFunc_FinishSpawningActor_ReturnValue
[2018.04.01-13.39.25:205][910]LogBlueprintUserMessages: [ThirdPersonCharacter_C_1] Can Interact!
[2018.04.01-13.39.25:205][910]LogBlueprintUserMessages: [ThirdPersonCharacter_C_0] Can Interact!
[2018.04.01-13.39.26:285][  9]LogScript: Warning: Accessed None trying to read property CallFunc_FinishSpawningActor_ReturnValue
	ThirdPersonCharacter_C /Game/UEDPIE_0_Victor_Map.Victor_Map:PersistentLevel.ThirdPersonCharacter_C_0
	Function /Game/ThirdPersonBP/Blueprints/ThirdPersonCharacter.ThirdPersonCharacter_C:ExecuteUbergraph_ThirdPersonCharacter:1EF7
[2018.04.01-13.39.26:285][  9]PIE: Error: Blueprint Runtime Error: Accessed None trying to read property CallFunc_FinishSpawningActor_ReturnValue from function: 'ExecuteUbergraph_ThirdPersonCharacter' from node: DestroyActor in graph: Overlap in object: ThirdPersonCharacter with description: Accessed None trying to read property CallFunc_FinishSpawningActor_ReturnValue
[2018.04.01-13.39.26:714][ 50]LogScript: Warning: Accessed None trying to read property CallFunc_FinishSpawningActor_ReturnValue
	ThirdPersonCharacter_C /Game/UEDPIE_0_Victor_Map.Victor_Map:PersistentLevel.ThirdPersonCharacter_C_0
	Function /Game/ThirdPersonBP/Blueprints/ThirdPersonCharacter.ThirdPersonCharacter_C:ExecuteUbergraph_ThirdPersonCharacter:1EF7
[2018.04.01-13.39.26:715][ 50]PIE: Error: Blueprint Runtime Error: Accessed None trying to read property CallFunc_FinishSpawningActor_ReturnValue from function: 'ExecuteUbergraph_ThirdPersonCharacter' from node: DestroyActor in graph: Overlap in object: ThirdPersonCharacter with description: Accessed None trying to read property CallFunc_FinishSpawningActor_ReturnValue
[2018.04.01-13.39.27:554][138]LogScript: Warning: Accessed None trying to read property CallFunc_FinishSpawningActor_ReturnValue
	ThirdPersonCharacter_C /Game/UEDPIE_0_Victor_Map.Victor_Map:PersistentLevel.ThirdPersonCharacter_C_0
	Function /Game/ThirdPersonBP/Blueprints/ThirdPersonCharacter.ThirdPersonCharacter_C:ExecuteUbergraph_ThirdPersonCharacter:1EF7
[2018.04.01-13.39.27:555][138]PIE: Error: Blueprint Runtime Error: Accessed None trying to read property CallFunc_FinishSpawningActor_ReturnValue from function: 'ExecuteUbergraph_ThirdPersonCharacter' from node: DestroyActor in graph: Overlap in object: ThirdPersonCharacter with description: Accessed None trying to read property CallFunc_FinishSpawningActor_ReturnValue
[2018.04.01-13.39.27:732][156]LogBlueprintUserMessages: [ThirdPersonCharacter_C_0] Can't Interact...
[2018.04.01-13.39.27:732][156]LogBlueprintUserMessages: [ThirdPersonCharacter_C_1] Can't Interact...
[2018.04.01-13.39.28:556][244]LogScript: Warning: Accessed None trying to read property CallFunc_FinishSpawningActor_ReturnValue
	ThirdPersonCharacter_C /Game/UEDPIE_0_Victor_Map.Victor_Map:PersistentLevel.ThirdPersonCharacter_C_0
	Function /Game/ThirdPersonBP/Blueprints/ThirdPersonCharacter.ThirdPersonCharacter_C:ExecuteUbergraph_ThirdPersonCharacter:1EF7
[2018.04.01-13.39.28:556][244]PIE: Error: Blueprint Runtime Error: Accessed None trying to read property CallFunc_FinishSpawningActor_ReturnValue from function: 'ExecuteUbergraph_ThirdPersonCharacter' from node: DestroyActor in graph: Overlap in object: ThirdPersonCharacter with description: Accessed None trying to read property CallFunc_FinishSpawningActor_ReturnValue
[2018.04.01-13.39.28:781][270]LogBlueprintUserMessages: [ThirdPersonCharacter_C_0] Can Interact!
[2018.04.01-13.39.29:198][318]LogBlueprintUserMessages: [ThirdPersonCharacter_C_0] Can't Interact...
[2018.04.01-13.39.31:284][506]LogBlueprintUserMessages: [ThirdPersonCharacter_C_1] Can Interact!
[2018.04.01-13.39.31:284][506]LogBlueprintUserMessages: [ThirdPersonCharacter_C_0] Can Interact!
[2018.04.01-13.39.31:905][552]LogScript: Warning: Accessed None trying to read property CallFunc_FinishSpawningActor_ReturnValue
	ThirdPersonCharacter_C /Game/UEDPIE_0_Victor_Map.Victor_Map:PersistentLevel.ThirdPersonCharacter_C_1
	Function /Game/ThirdPersonBP/Blueprints/ThirdPersonCharacter.ThirdPersonCharacter_C:ExecuteUbergraph_ThirdPersonCharacter:1EF7
[2018.04.01-13.39.31:905][552]PIE: Error: Blueprint Runtime Error: Accessed None trying to read property CallFunc_FinishSpawningActor_ReturnValue from function: 'ExecuteUbergraph_ThirdPersonCharacter' from node: DestroyActor in graph: Overlap in object: ThirdPersonCharacter with description: Accessed None trying to read property CallFunc_FinishSpawningActor_ReturnValue
[2018.04.01-13.39.32:385][587]LogScript: Warning: Accessed None trying to read property CallFunc_FinishSpawningActor_ReturnValue
	ThirdPersonCharacter_C /Game/UEDPIE_0_Victor_Map.Victor_Map:PersistentLevel.ThirdPersonCharacter_C_1
	Function /Game/ThirdPersonBP/Blueprints/ThirdPersonCharacter.ThirdPersonCharacter_C:ExecuteUbergraph_ThirdPersonCharacter:1EF7
[2018.04.01-13.39.32:385][587]PIE: Error: Blueprint Runtime Error: Accessed None trying to read property CallFunc_FinishSpawningActor_ReturnValue from function: 'ExecuteUbergraph_ThirdPersonCharacter' from node: DestroyActor in graph: Overlap in object: ThirdPersonCharacter with description: Accessed None trying to read property CallFunc_FinishSpawningActor_ReturnValue
[2018.04.01-13.39.33:322][649]LogBlueprintUserMessages: [ThirdPersonCharacter_C_1] Can't Interact...
[2018.04.01-13.39.33:322][649]LogBlueprintUserMessages: [ThirdPersonCharacter_C_0] Can't Interact...
[2018.04.01-13.39.33:322][649]LogBlueprintUserMessages: [ThirdPersonCharacter_C_1] Can Interact!
[2018.04.01-13.39.33:322][649]LogBlueprintUserMessages: [ThirdPersonCharacter_C_0] Can Interact!
[2018.04.01-13.39.33:337][650]LogBlueprintUserMessages: [ThirdPersonCharacter_C_1] Can't Interact...
[2018.04.01-13.39.33:337][650]LogBlueprintUserMessages: [ThirdPersonCharacter_C_0] Can't Interact...
[2018.04.01-13.39.33:337][650]LogBlueprintUserMessages: [ThirdPersonCharacter_C_1] Can Interact!
[2018.04.01-13.39.33:337][650]LogBlueprintUserMessages: [ThirdPersonCharacter_C_0] Can Interact!
[2018.04.01-13.39.33:352][651]LogBlueprintUserMessages: [ThirdPersonCharacter_C_1] Can't Interact...
[2018.04.01-13.39.33:352][651]LogBlueprintUserMessages: [ThirdPersonCharacter_C_0] Can't Interact...
[2018.04.01-13.39.33:352][651]LogBlueprintUserMessages: [ThirdPersonCharacter_C_1] Can Interact!
[2018.04.01-13.39.33:352][651]LogBlueprintUserMessages: [ThirdPersonCharacter_C_0] Can Interact!
[2018.04.01-13.39.33:367][652]LogBlueprintUserMessages: [ThirdPersonCharacter_C_1] Can't Interact...
[2018.04.01-13.39.33:367][652]LogBlueprintUserMessages: [ThirdPersonCharacter_C_0] Can't Interact...
[2018.04.01-13.39.33:368][652]LogBlueprintUserMessages: [ThirdPersonCharacter_C_1] Can Interact!
[2018.04.01-13.39.33:368][652]LogBlueprintUserMessages: [ThirdPersonCharacter_C_0] Can Interact!
[2018.04.01-13.39.33:382][653]LogBlueprintUserMessages: [ThirdPersonCharacter_C_1] Can't Interact...
[2018.04.01-13.39.33:382][653]LogBlueprintUserMessages: [ThirdPersonCharacter_C_0] Can't Interact...
[2018.04.01-13.39.33:383][653]LogBlueprintUserMessages: [ThirdPersonCharacter_C_1] Can Interact!
[2018.04.01-13.39.33:383][653]LogBlueprintUserMessages: [ThirdPersonCharacter_C_0] Can Interact!
[2018.04.01-13.39.33:397][654]LogBlueprintUserMessages: [ThirdPersonCharacter_C_1] Can't Interact...
[2018.04.01-13.39.33:397][654]LogBlueprintUserMessages: [ThirdPersonCharacter_C_0] Can't Interact...
[2018.04.01-13.39.33:398][654]LogBlueprintUserMessages: [ThirdPersonCharacter_C_1] Can Interact!
[2018.04.01-13.39.33:398][654]LogBlueprintUserMessages: [ThirdPersonCharacter_C_0] Can Interact!
[2018.04.01-13.39.33:412][655]LogBlueprintUserMessages: [ThirdPersonCharacter_C_1] Can't Interact...
[2018.04.01-13.39.33:412][655]LogBlueprintUserMessages: [ThirdPersonCharacter_C_0] Can't Interact...
[2018.04.01-13.39.33:412][655]LogBlueprintUserMessages: [ThirdPersonCharacter_C_1] Can Interact!
[2018.04.01-13.39.33:412][655]LogBlueprintUserMessages: [ThirdPersonCharacter_C_0] Can Interact!
[2018.04.01-13.39.33:427][656]LogBlueprintUserMessages: [ThirdPersonCharacter_C_1] Can't Interact...
[2018.04.01-13.39.33:427][656]LogBlueprintUserMessages: [ThirdPersonCharacter_C_0] Can't Interact...
[2018.04.01-13.39.33:427][656]LogBlueprintUserMessages: [ThirdPersonCharacter_C_1] Can Interact!
[2018.04.01-13.39.33:427][656]LogBlueprintUserMessages: [ThirdPersonCharacter_C_0] Can Interact!
[2018.04.01-13.39.33:442][657]LogBlueprintUserMessages: [ThirdPersonCharacter_C_1] Can't Interact...
[2018.04.01-13.39.33:442][657]LogBlueprintUserMessages: [ThirdPersonCharacter_C_0] Can't Interact...
[2018.04.01-13.39.33:443][657]LogBlueprintUserMessages: [ThirdPersonCharacter_C_1] Can Interact!
[2018.04.01-13.39.33:443][657]LogBlueprintUserMessages: [ThirdPersonCharacter_C_0] Can Interact!
[2018.04.01-13.39.33:458][658]LogBlueprintUserMessages: [ThirdPersonCharacter_C_1] Can't Interact...
[2018.04.01-13.39.33:458][658]LogBlueprintUserMessages: [ThirdPersonCharacter_C_0] Can't Interact...
[2018.04.01-13.39.33:458][658]LogBlueprintUserMessages: [ThirdPersonCharacter_C_1] Can Interact!
[2018.04.01-13.39.33:458][658]LogBlueprintUserMessages: [ThirdPersonCharacter_C_0] Can Interact!
[2018.04.01-13.39.33:473][659]LogBlueprintUserMessages: [ThirdPersonCharacter_C_1] Can't Interact...
[2018.04.01-13.39.33:473][659]LogBlueprintUserMessages: [ThirdPersonCharacter_C_0] Can't Interact...
[2018.04.01-13.39.33:474][659]LogBlueprintUserMessages: [ThirdPersonCharacter_C_1] Can Interact!
[2018.04.01-13.39.33:474][659]LogBlueprintUserMessages: [ThirdPersonCharacter_C_0] Can Interact!
[2018.04.01-13.39.33:488][660]LogBlueprintUserMessages: [ThirdPersonCharacter_C_1] Can't Interact...
[2018.04.01-13.39.33:489][660]LogBlueprintUserMessages: [ThirdPersonCharacter_C_0] Can't Interact...
[2018.04.01-13.39.34:051][699]LogBlueprintUserMessages: [ThirdPersonCharacter_C_1] Can Interact!
[2018.04.01-13.39.34:051][699]LogBlueprintUserMessages: [Player1_Pawn_704] Can Interact!
[2018.04.01-13.39.34:326][719]LogBlueprintUserMessages: [ThirdPersonCharacter_C_1] Can't Interact...
[2018.04.01-13.39.34:326][719]LogBlueprintUserMessages: [Player1_Pawn_704] Can't Interact...
[2018.04.01-13.39.35:215][784]LogBlueprintUserMessages: [ThirdPersonCharacter_C_0] Can Interact!
[2018.04.01-13.39.35:215][784]LogBlueprintUserMessages: [Player1_Pawn_704] Can Interact!
[2018.04.01-13.39.35:426][799]LogBlueprintUserMessages: [ThirdPersonCharacter_C_0] Can't Interact...
[2018.04.01-13.39.35:426][799]LogBlueprintUserMessages: [Player1_Pawn_704] Can't Interact...
[2018.04.01-13.39.35:815][826]LogBlueprintUserMessages: Early EndPlayMap Detection: Level '/Game/Victor_Map.Victor_Map:PersistentLevel' has LevelScriptBlueprint '/Game/Victor_Map.Victor_Map:PersistentLevel.Victor_Map' with GeneratedClass '/Game/Victor_Map.Victor_Map_C' with ClassGeneratedBy '/Game/Victor_Map.Victor_Map:PersistentLevel.Victor_Map'
[2018.04.01-13.39.35:847][826]LogSlate: Window 'LittleLeave_UE Game Preview Standalone (64-bit/PCD3D_SM5)' being destroyed
[2018.04.01-13.39.35:888][826]LogBlueprintUserMessages: Late EndPlayMap Detection: Level '/Game/Victor_Map.Victor_Map:PersistentLevel' has LevelScriptBlueprint '/Game/Victor_Map.Victor_Map:PersistentLevel.Victor_Map' with GeneratedClass '/Game/Victor_Map.Victor_Map_C' with ClassGeneratedBy '/Game/Victor_Map.Victor_Map:PersistentLevel.Victor_Map'
[2018.04.01-13.39.39:462][182]LogWindows: Windows GetLastError: L’opération a réussi. (0)
[2018.04.01-13.39.40:072][182]LogWindows: Error: === Critical error: ===
[2018.04.01-13.39.40:072][182]LogWindows: Error: 
[2018.04.01-13.39.40:072][182]LogWindows: Error: Fatal error: [File:D:\Build\++UE4+Release-4.19+Compile\Sync\Engine\Source\Runtime\CoreUObject\Private\UObject\Obj.cpp] [Line: 198] 
[2018.04.01-13.39.40:072][182]LogWindows: Error: Renaming an object (Package /Game/Victor_Map_BuiltData) on top of an existing object (Package /Game/Victor_Map_TomEdit_BuiltData) is not allowed
[2018.04.01-13.39.40:072][182]LogWindows: Error: 
[2018.04.01-13.39.40:072][182]LogWindows: Error: 
[2018.04.01-13.39.40:072][182]LogWindows: Error: [Callstack] 0x0000000028143FB8 KERNELBASE.dll!UnknownFunction []
[2018.04.01-13.39.40:072][182]LogWindows: Error: [Callstack] 0x00000000F5657884 UE4Editor-ApplicationCore.dll!UnknownFunction []
[2018.04.01-13.39.40:072][182]LogWindows: Error: [Callstack] 0x00000000D41F6D9B UE4Editor-Core.dll!UnknownFunction []
[2018.04.01-13.39.40:072][182]LogWindows: Error: [Callstack] 0x00000000D4131939 UE4Editor-Core.dll!UnknownFunction []
[2018.04.01-13.39.40:072][182]LogWindows: Error: [Callstack] 0x00000000D7911849 UE4Editor-CoreUObject.dll!UnknownFunction []
[2018.04.01-13.39.40:072][182]LogWindows: Error: [Callstack] 0x00000000A72457A0 UE4Editor-Engine.dll!UnknownFunction []
[2018.04.01-13.39.40:072][182]LogWindows: Error: [Callstack] 0x00000000A723ED4A UE4Editor-Engine.dll!UnknownFunction []
[2018.04.01-13.39.40:072][182]LogWindows: Error: [Callstack] 0x00000000D78DFE4D UE4Editor-CoreUObject.dll!UnknownFunction []
[2018.04.01-13.39.40:072][182]LogWindows: Error: [Callstack] 0x00000000D7907368 UE4Editor-CoreUObject.dll!UnknownFunction []
[2018.04.01-13.39.40:072][182]LogWindows: Error: [Callstack] 0x00000000D78DFDBC UE4Editor-CoreUObject.dll!UnknownFunction []
[2018.04.01-13.39.40:072][182]LogWindows: Error: [Callstack] 0x00000000D7907368 UE4Editor-CoreUObject.dll!UnknownFunction []
[2018.04.01-13.39.40:072][182]LogWindows: Error: [Callstack] 0x00000000A5FBABE1 UE4Editor-Engine.dll!UnknownFunction []
[2018.04.01-13.39.40:072][182]LogWindows: Error: [Callstack] 0x00000000D78DFDBC UE4Editor-CoreUObject.dll!UnknownFunction []
[2018.04.01-13.39.40:072][182]LogWindows: Error: [Callstack] 0x00000000D7907368 UE4Editor-CoreUObject.dll!UnknownFunction []
[2018.04.01-13.39.40:072][182]LogWindows: Error: [Callstack] 0x00000000D78DFDBC UE4Editor-CoreUObject.dll!UnknownFunction []
[2018.04.01-13.39.40:072][182]LogWindows: Error: [Callstack] 0x00000000D79AABAC UE4Editor-CoreUObject.dll!UnknownFunction []
[2018.04.01-13.39.40:072][182]LogWindows: Error: [Callstack] 0x00000000D79C2D3B UE4Editor-CoreUObject.dll!UnknownFunction []
[2018.04.01-13.39.40:072][182]LogWindows: Error: [Callstack] 0x00000000D79C2154 UE4Editor-CoreUObject.dll!UnknownFunction []
[2018.04.01-13.39.40:072][182]LogWindows: Error: [Callstack] 0x000000009993E6AF UE4Editor-AssetTools.dll!UnknownFunction []
[2018.04.01-13.39.40:072][182]LogWindows: Error: [Callstack] 0x000000009991DFAE UE4Editor-AssetTools.dll!UnknownFunction []
[2018.04.01-13.39.40:072][182]LogWindows: Error: [Callstack] 0x000000009991E09E UE4Editor-AssetTools.dll!UnknownFunction []
[2018.04.01-13.39.40:072][182]LogWindows: Error: [Callstack] 0x00000000A4A570FC UE4Editor-UnrealEd.dll!UnknownFunction []
[2018.04.01-13.39.40:072][182]LogWindows: Error: [Callstack] 0x0000000092702046 UE4Editor-SceneOutliner.dll!UnknownFunction []
[2018.04.01-13.39.40:072][182]LogWindows: Error: [Callstack] 0x00000000BE2D4D61 UE4Editor-Slate.dll!UnknownFunction []
[2018.04.01-13.39.40:072][182]LogWindows: Error: [Callstack] 0x00000000BE2A6D2D UE4Editor-Slate.dll!UnknownFunction []
[2018.04.01-13.39.40:072][182]LogWindows: Error: [Callstack] 0x00000000BE2A88F6 UE4Editor-Slate.dll!UnknownFunction []
[2018.04.01-13.39.40:072][182]LogWindows: Error: [Callstack] 0x00000000BE3263CA UE4Editor-Slate.dll!UnknownFunction []
[2018.04.01-13.39.40:072][182]LogWindows: Error: [Callstack] 0x00000000BE3199C8 UE4Editor-Slate.dll!UnknownFunction []
[2018.04.01-13.39.40:072][182]LogWindows: Error: [Callstack] 0x00000000F564E3DA UE4Editor-ApplicationCore.dll!UnknownFunction []
[2018.04.01-13.39.40:072][182]LogWindows: Error: [Callstack] 0x00000000F5641B78 UE4Editor-ApplicationCore.dll!UnknownFunction []
[2018.04.01-13.39.40:072][182]LogWindows: Error: [Callstack] 0x00000000F565052C UE4Editor-ApplicationCore.dll!UnknownFunction []
[2018.04.01-13.39.40:072][182]LogWindows: Error: [Callstack] 0x00000000F563D679 UE4Editor-ApplicationCore.dll!UnknownFunction []
[2018.04.01-13.39.40:072][182]LogWindows: Error: [Callstack] 0x000000002B3EB85D USER32.dll!UnknownFunction []
[2018.04.01-13.39.40:072][182]LogWindows: Error: [Callstack] 0x000000002B3EB1EF USER32.dll!UnknownFunction []
[2018.04.01-13.39.40:072][182]LogWindows: Error: [Callstack] 0x00000000F5651666 UE4Editor-ApplicationCore.dll!UnknownFunction []
[2018.04.01-13.39.40:072][182]LogWindows: Error: [Callstack] 0x00000000E5755475 UE4Editor.exe!UnknownFunction []
[2018.04.01-13.39.40:072][182]LogWindows: Error: [Callstack] 0x00000000E5766BD0 UE4Editor.exe!UnknownFunction []
[2018.04.01-13.39.40:072][182]LogWindows: Error: [Callstack] 0x00000000E5766C4A UE4Editor.exe!UnknownFunction []
[2018.04.01-13.39.40:072][182]LogWindows: Error: [Callstack] 0x00000000E5774149 UE4Editor.exe!UnknownFunction []
[2018.04.01-13.39.40:072][182]LogWindows: Error: [Callstack] 0x00000000E5775B57 UE4Editor.exe!UnknownFunction []
[2018.04.01-13.39.40:073][182]LogWindows: Error: [Callstack] 0x000000002B581FE4 KERNEL32.DLL!UnknownFunction []
[2018.04.01-13.39.40:073][182]LogWindows: Error: [Callstack] 0x000000002B93EF91 ntdll.dll!UnknownFunction []
[2018.04.01-13.39.40:073][182]LogWindows: Error: [Callstack] 0x000000002B93EF91 ntdll.dll!UnknownFunction []
[2018.04.01-13.39.40:073][182]LogWindows: Error: 
[2018.04.01-13.39.40:089][182]LogExit: Executing StaticShutdownAfterError
[2018.04.01-13.39.40:097][182]LogWindows: FPlatformMisc::RequestExit(1)
[2018.04.01-13.39.40:097][182]Log file closed, 04/01/18 15:39:40
